INFO:     Will watch for changes in these directories: ['/home/habib/hackathon-2/agentic-todo/backend']
INFO:     Uvicorn running on http://0.0.0.0:8001 (Press CTRL+C to quit)
INFO:     Started reloader process [19322] using StatReload
INFO:     Started server process [19325]
INFO:     Waiting for application startup.
INFO:     Application startup complete.
2026-01-31 12:44:57,034 INFO sqlalchemy.engine.Engine select pg_catalog.version()
2026-01-31 12:44:57,038 INFO sqlalchemy.engine.Engine [raw sql] {}
2026-01-31 12:44:57,483 INFO sqlalchemy.engine.Engine select current_schema()
2026-01-31 12:44:57,487 INFO sqlalchemy.engine.Engine [raw sql] {}
2026-01-31 12:44:57,909 INFO sqlalchemy.engine.Engine show standard_conforming_strings
2026-01-31 12:44:57,910 INFO sqlalchemy.engine.Engine [raw sql] {}
2026-01-31 12:44:58,334 INFO sqlalchemy.engine.Engine BEGIN (implicit)
2026-01-31 12:44:58,343 INFO sqlalchemy.engine.Engine SELECT 1
2026-01-31 12:44:58,345 INFO sqlalchemy.engine.Engine [generated in 0.00337s] {}
2026-01-31 12:44:58,773 INFO sqlalchemy.engine.Engine COMMIT
INFO:     127.0.0.1:57952 - "GET /health HTTP/1.1" 200 OK
2026-01-31 12:49:04,177 INFO sqlalchemy.engine.Engine BEGIN (implicit)
2026-01-31 12:49:04,184 INFO sqlalchemy.engine.Engine SELECT users.id AS users_id, users.email AS users_email, users.hashed_password AS users_hashed_password, users.created_at AS users_created_at, users.updated_at AS users_updated_at, users.is_active AS users_is_active 
FROM users 
WHERE users.email = %(email_1)s 
 LIMIT %(param_1)s
2026-01-31 12:49:04,185 INFO sqlalchemy.engine.Engine [generated in 0.00032s] {'email_1': 'test@example.com', 'param_1': 1}
2026-01-31 12:49:04,652 INFO sqlalchemy.engine.Engine ROLLBACK
INFO:     127.0.0.1:47494 - "POST /auth/register HTTP/1.1" 409 Conflict
2026-01-31 12:49:05,155 INFO sqlalchemy.engine.Engine BEGIN (implicit)
2026-01-31 12:49:05,157 INFO sqlalchemy.engine.Engine SELECT users.id AS users_id, users.email AS users_email, users.hashed_password AS users_hashed_password, users.created_at AS users_created_at, users.updated_at AS users_updated_at, users.is_active AS users_is_active 
FROM users 
WHERE users.email = %(email_1)s 
 LIMIT %(param_1)s
2026-01-31 12:49:05,157 INFO sqlalchemy.engine.Engine [cached since 0.973s ago] {'email_1': 'test@example.com', 'param_1': 1}
2026-01-31 12:49:05,945 INFO sqlalchemy.engine.Engine ROLLBACK
INFO:     127.0.0.1:33082 - "POST /auth/login HTTP/1.1" 401 Unauthorized
2026-01-31 12:49:32,931 INFO sqlalchemy.engine.Engine BEGIN (implicit)
2026-01-31 12:49:32,935 INFO sqlalchemy.engine.Engine SELECT users.id AS users_id, users.email AS users_email, users.hashed_password AS users_hashed_password, users.created_at AS users_created_at, users.updated_at AS users_updated_at, users.is_active AS users_is_active 
FROM users 
WHERE users.email = %(email_1)s 
 LIMIT %(param_1)s
2026-01-31 12:49:32,936 INFO sqlalchemy.engine.Engine [cached since 28.75s ago] {'email_1': 'test@example.com', 'param_1': 1}
2026-01-31 12:49:33,921 INFO sqlalchemy.engine.Engine ROLLBACK
INFO:     127.0.0.1:52734 - "POST /auth/login HTTP/1.1" 401 Unauthorized
2026-01-31 12:50:20,728 INFO sqlalchemy.engine.Engine BEGIN (implicit)
2026-01-31 12:50:20,728 INFO sqlalchemy.engine.Engine SELECT users.id AS users_id, users.email AS users_email, users.hashed_password AS users_hashed_password, users.created_at AS users_created_at, users.updated_at AS users_updated_at, users.is_active AS users_is_active 
FROM users 
WHERE users.email = %(email_1)s 
 LIMIT %(param_1)s
2026-01-31 12:50:20,728 INFO sqlalchemy.engine.Engine [cached since 76.54s ago] {'email_1': 'test_c951929d@example.com', 'param_1': 1}
/home/habib/hackathon-2/agentic-todo/backend/.venv/lib/python3.13/site-packages/pydantic/fields.py:747: DeprecationWarning: datetime.datetime.utcnow() is deprecated and scheduled for removal in a future version. Use timezone-aware objects to represent datetimes in UTC: datetime.datetime.now(datetime.UTC).
  return fac()
2026-01-31 12:50:21,473 INFO sqlalchemy.engine.Engine INSERT INTO users (id, email, hashed_password, created_at, updated_at, is_active) VALUES (%(id)s::UUID, %(email)s, %(hashed_password)s, %(created_at)s, %(updated_at)s, %(is_active)s)
2026-01-31 12:50:21,473 INFO sqlalchemy.engine.Engine [generated in 0.00035s] {'id': UUID('047f93a5-e114-4af3-8a8d-d472d26402d7'), 'email': 'test_c951929d@example.com', 'hashed_password': '$2b$12$Igcyoo1HLcT.czq6JYv85udnl8RPkypuR7Zwqg5JhPUafYPirt712', 'created_at': datetime.datetime(2026, 1, 31, 7, 50, 21, 462550), 'updated_at': datetime.datetime(2026, 1, 31, 7, 50, 21, 464350), 'is_active': True}
2026-01-31 12:50:21,755 INFO sqlalchemy.engine.Engine COMMIT
2026-01-31 12:50:22,162 INFO sqlalchemy.engine.Engine BEGIN (implicit)
2026-01-31 12:50:22,163 INFO sqlalchemy.engine.Engine SELECT users.id, users.email, users.hashed_password, users.created_at, users.updated_at, users.is_active 
FROM users 
WHERE users.id = %(pk_1)s::UUID
2026-01-31 12:50:22,163 INFO sqlalchemy.engine.Engine [generated in 0.00021s] {'pk_1': UUID('047f93a5-e114-4af3-8a8d-d472d26402d7')}
/home/habib/hackathon-2/agentic-todo/backend/src/api/auth_utils.py:63: DeprecationWarning: datetime.datetime.utcnow() is deprecated and scheduled for removal in a future version. Use timezone-aware objects to represent datetimes in UTC: datetime.datetime.now(datetime.UTC).
  expire = datetime.utcnow() + timedelta(minutes=settings.jwt_expiration_minutes)
INFO:     127.0.0.1:41486 - "POST /auth/register HTTP/1.1" 201 Created
2026-01-31 12:50:22,636 INFO sqlalchemy.engine.Engine COMMIT
2026-01-31 12:50:24,185 INFO sqlalchemy.engine.Engine BEGIN (implicit)
2026-01-31 12:50:24,191 INFO sqlalchemy.engine.Engine SELECT users.id AS users_id, users.email AS users_email, users.hashed_password AS users_hashed_password, users.created_at AS users_created_at, users.updated_at AS users_updated_at, users.is_active AS users_is_active 
FROM users 
WHERE users.id = %(id_1)s::UUID AND users.is_active = true 
 LIMIT %(param_1)s
2026-01-31 12:50:24,192 INFO sqlalchemy.engine.Engine [generated in 0.00167s] {'id_1': UUID('047f93a5-e114-4af3-8a8d-d472d26402d7'), 'param_1': 1}
2026-01-31 12:50:24,630 INFO sqlalchemy.engine.Engine INSERT INTO conversations (id, user_id, title, created_at, updated_at, is_deleted, deleted_at) VALUES (%(id)s::UUID, %(user_id)s::UUID, %(title)s, %(created_at)s, %(updated_at)s, %(is_deleted)s, %(deleted_at)s)
2026-01-31 12:50:24,630 INFO sqlalchemy.engine.Engine [generated in 0.00030s] {'id': UUID('329ab290-02c7-46fe-8c5e-242ea14a81d6'), 'user_id': UUID('047f93a5-e114-4af3-8a8d-d472d26402d7'), 'title': None, 'created_at': datetime.datetime(2026, 1, 31, 7, 50, 24, 625683), 'updated_at': datetime.datetime(2026, 1, 31, 7, 50, 24, 626311), 'is_deleted': False, 'deleted_at': None}
2026-01-31 12:50:24,863 INFO sqlalchemy.engine.Engine COMMIT
2026-01-31 12:50:25,346 INFO sqlalchemy.engine.Engine BEGIN (implicit)
2026-01-31 12:50:25,350 INFO sqlalchemy.engine.Engine SELECT conversations.id, conversations.user_id, conversations.title, conversations.created_at, conversations.updated_at, conversations.is_deleted, conversations.deleted_at 
FROM conversations 
WHERE conversations.id = %(pk_1)s::UUID
2026-01-31 12:50:25,350 INFO sqlalchemy.engine.Engine [generated in 0.00094s] {'pk_1': UUID('329ab290-02c7-46fe-8c5e-242ea14a81d6')}
INFO:     127.0.0.1:41486 - "POST /chatkit/threads HTTP/1.1" 201 Created
2026-01-31 12:50:25,773 INFO sqlalchemy.engine.Engine COMMIT
2026-01-31 12:50:26,031 INFO sqlalchemy.engine.Engine BEGIN (implicit)
2026-01-31 12:50:26,033 INFO sqlalchemy.engine.Engine SELECT users.id AS users_id, users.email AS users_email, users.hashed_password AS users_hashed_password, users.created_at AS users_created_at, users.updated_at AS users_updated_at, users.is_active AS users_is_active 
FROM users 
WHERE users.id = %(id_1)s::UUID AND users.is_active = true 
 LIMIT %(param_1)s
2026-01-31 12:50:26,033 INFO sqlalchemy.engine.Engine [cached since 1.843s ago] {'id_1': UUID('047f93a5-e114-4af3-8a8d-d472d26402d7'), 'param_1': 1}
2026-01-31 12:50:26,476 INFO sqlalchemy.engine.Engine SELECT conversations.id AS conversations_id, conversations.user_id AS conversations_user_id, conversations.title AS conversations_title, conversations.created_at AS conversations_created_at, conversations.updated_at AS conversations_updated_at, conversations.is_deleted AS conversations_is_deleted, conversations.deleted_at AS conversations_deleted_at 
FROM conversations 
WHERE conversations.id = %(id_1)s::UUID AND conversations.user_id = %(user_id_1)s::UUID AND conversations.is_deleted = false 
 LIMIT %(param_1)s
2026-01-31 12:50:26,479 INFO sqlalchemy.engine.Engine [generated in 0.00588s] {'id_1': UUID('329ab290-02c7-46fe-8c5e-242ea14a81d6'), 'user_id_1': UUID('047f93a5-e114-4af3-8a8d-d472d26402d7'), 'param_1': 1}
2026-01-31 12:50:26,702 INFO sqlalchemy.engine.Engine UPDATE conversations SET title=%(title)s WHERE conversations.id = %(conversations_id)s::UUID
2026-01-31 12:50:26,702 INFO sqlalchemy.engine.Engine [generated in 0.00036s] {'title': 'hi! list my todos', 'conversations_id': UUID('329ab290-02c7-46fe-8c5e-242ea14a81d6')}
2026-01-31 12:50:26,924 INFO sqlalchemy.engine.Engine INSERT INTO messages (id, conversation_id, role, content, created_at) VALUES (%(id)s::UUID, %(conversation_id)s::UUID, %(role)s, %(content)s, %(created_at)s)
2026-01-31 12:50:26,924 INFO sqlalchemy.engine.Engine [generated in 0.00114s] {'id': UUID('d6e1b390-e86e-490e-85aa-dbc27aafc509'), 'conversation_id': UUID('329ab290-02c7-46fe-8c5e-242ea14a81d6'), 'role': 'USER', 'content': 'hi! list my todos', 'created_at': datetime.datetime(2026, 1, 31, 7, 50, 26, 697319)}
2026-01-31 12:50:27,164 INFO sqlalchemy.engine.Engine COMMIT
2026-01-31 12:50:27,590 INFO sqlalchemy.engine.Engine BEGIN (implicit)
2026-01-31 12:50:27,597 INFO sqlalchemy.engine.Engine SELECT users.id AS users_id, users.email AS users_email, users.hashed_password AS users_hashed_password, users.created_at AS users_created_at, users.updated_at AS users_updated_at, users.is_active AS users_is_active 
FROM users 
WHERE users.id = %(pk_1)s::UUID
2026-01-31 12:50:27,598 INFO sqlalchemy.engine.Engine [generated in 0.00087s] {'pk_1': UUID('047f93a5-e114-4af3-8a8d-d472d26402d7')}
2026-01-31 12:50:28,010 INFO sqlalchemy.engine.Engine SELECT conversations.id AS conversations_id, conversations.user_id AS conversations_user_id, conversations.title AS conversations_title, conversations.created_at AS conversations_created_at, conversations.updated_at AS conversations_updated_at, conversations.is_deleted AS conversations_is_deleted, conversations.deleted_at AS conversations_deleted_at 
FROM conversations 
WHERE conversations.id = %(pk_1)s::UUID
2026-01-31 12:50:28,010 INFO sqlalchemy.engine.Engine [generated in 0.00019s] {'pk_1': UUID('329ab290-02c7-46fe-8c5e-242ea14a81d6')}
INFO:     127.0.0.1:41486 - "POST /chatkit/threads/329ab290-02c7-46fe-8c5e-242ea14a81d6/messages HTTP/1.1" 200 OK
2026-01-31 12:50:35,306 INFO sqlalchemy.engine.Engine BEGIN (implicit)
2026-01-31 12:50:35,312 INFO sqlalchemy.engine.Engine SELECT count(*) AS count_1 
FROM (SELECT tasks.id AS tasks_id, tasks.user_id AS tasks_user_id, tasks.title AS tasks_title, tasks.description AS tasks_description, tasks.is_completed AS tasks_is_completed, tasks.created_at AS tasks_created_at, tasks.updated_at AS tasks_updated_at, tasks.completed_at AS tasks_completed_at 
FROM tasks 
WHERE tasks.user_id = %(user_id_1)s::UUID) AS anon_1
2026-01-31 12:50:35,313 INFO sqlalchemy.engine.Engine [generated in 0.00027s] {'user_id_1': UUID('047f93a5-e114-4af3-8a8d-d472d26402d7')}
2026-01-31 12:50:35,737 INFO sqlalchemy.engine.Engine SELECT tasks.id AS tasks_id, tasks.user_id AS tasks_user_id, tasks.title AS tasks_title, tasks.description AS tasks_description, tasks.is_completed AS tasks_is_completed, tasks.created_at AS tasks_created_at, tasks.updated_at AS tasks_updated_at, tasks.completed_at AS tasks_completed_at 
FROM tasks 
WHERE tasks.user_id = %(user_id_1)s::UUID ORDER BY tasks.created_at DESC 
 LIMIT %(param_1)s OFFSET %(param_2)s
2026-01-31 12:50:35,737 INFO sqlalchemy.engine.Engine [generated in 0.00073s] {'user_id_1': UUID('047f93a5-e114-4af3-8a8d-d472d26402d7'), 'param_1': 50, 'param_2': 0}
2026-01-31 12:50:35,988 INFO sqlalchemy.engine.Engine COMMIT
/home/habib/hackathon-2/agentic-todo/backend/.venv/lib/python3.13/site-packages/pydantic/fields.py:747: DeprecationWarning: datetime.datetime.utcnow() is deprecated and scheduled for removal in a future version. Use timezone-aware objects to represent datetimes in UTC: datetime.datetime.now(datetime.UTC).
  return fac()
2026-01-31 12:50:37,025 INFO sqlalchemy.engine.Engine INSERT INTO messages (id, conversation_id, role, content, created_at) VALUES (%(id)s::UUID, %(conversation_id)s::UUID, %(role)s, %(content)s, %(created_at)s)
2026-01-31 12:50:37,025 INFO sqlalchemy.engine.Engine [cached since 10.1s ago] {'id': UUID('5db096a4-d1dc-4f34-b622-3acb88087bf0'), 'conversation_id': UUID('329ab290-02c7-46fe-8c5e-242ea14a81d6'), 'role': 'ASSISTANT', 'content': 'You have no todos!\n', 'created_at': datetime.datetime(2026, 1, 31, 7, 50, 37, 25028)}
2026-01-31 12:50:37,237 INFO sqlalchemy.engine.Engine COMMIT
2026-01-31 12:50:37,727 INFO sqlalchemy.engine.Engine BEGIN (implicit)
2026-01-31 12:50:37,728 INFO sqlalchemy.engine.Engine SELECT users.id AS users_id, users.email AS users_email, users.hashed_password AS users_hashed_password, users.created_at AS users_created_at, users.updated_at AS users_updated_at, users.is_active AS users_is_active 
FROM users 
WHERE users.id = %(id_1)s::UUID AND users.is_active = true 
 LIMIT %(param_1)s
2026-01-31 12:50:37,729 INFO sqlalchemy.engine.Engine [cached since 13.54s ago] {'id_1': UUID('047f93a5-e114-4af3-8a8d-d472d26402d7'), 'param_1': 1}
2026-01-31 12:50:38,156 INFO sqlalchemy.engine.Engine SELECT conversations.id AS conversations_id, conversations.user_id AS conversations_user_id, conversations.title AS conversations_title, conversations.created_at AS conversations_created_at, conversations.updated_at AS conversations_updated_at, conversations.is_deleted AS conversations_is_deleted, conversations.deleted_at AS conversations_deleted_at 
FROM conversations 
WHERE conversations.id = %(id_1)s::UUID AND conversations.user_id = %(user_id_1)s::UUID AND conversations.is_deleted = false 
 LIMIT %(param_1)s
2026-01-31 12:50:38,156 INFO sqlalchemy.engine.Engine [cached since 11.68s ago] {'id_1': UUID('329ab290-02c7-46fe-8c5e-242ea14a81d6'), 'user_id_1': UUID('047f93a5-e114-4af3-8a8d-d472d26402d7'), 'param_1': 1}
2026-01-31 12:50:38,381 INFO sqlalchemy.engine.Engine SELECT messages.id AS messages_id, messages.conversation_id AS messages_conversation_id, messages.role AS messages_role, messages.content AS messages_content, messages.created_at AS messages_created_at 
FROM messages 
WHERE messages.conversation_id = %(conversation_id_1)s::UUID ORDER BY messages.created_at ASC 
 LIMIT %(param_1)s
2026-01-31 12:50:38,384 INFO sqlalchemy.engine.Engine [generated in 0.00361s] {'conversation_id_1': UUID('329ab290-02c7-46fe-8c5e-242ea14a81d6'), 'param_1': 50}
INFO:     127.0.0.1:41486 - "GET /chatkit/threads/329ab290-02c7-46fe-8c5e-242ea14a81d6 HTTP/1.1" 200 OK
2026-01-31 12:50:39,050 INFO sqlalchemy.engine.Engine COMMIT
2026-01-31 12:52:08,554 INFO sqlalchemy.engine.Engine BEGIN (implicit)
2026-01-31 12:52:08,556 INFO sqlalchemy.engine.Engine SELECT users.id AS users_id, users.email AS users_email, users.hashed_password AS users_hashed_password, users.created_at AS users_created_at, users.updated_at AS users_updated_at, users.is_active AS users_is_active 
FROM users 
WHERE users.email = %(email_1)s 
 LIMIT %(param_1)s
2026-01-31 12:52:08,556 INFO sqlalchemy.engine.Engine [cached since 184.4s ago] {'email_1': 'test_039d3b79@example.com', 'param_1': 1}
2026-01-31 12:52:09,248 INFO sqlalchemy.engine.Engine INSERT INTO users (id, email, hashed_password, created_at, updated_at, is_active) VALUES (%(id)s::UUID, %(email)s, %(hashed_password)s, %(created_at)s, %(updated_at)s, %(is_active)s)
2026-01-31 12:52:09,249 INFO sqlalchemy.engine.Engine [cached since 107.8s ago] {'id': UUID('790341a5-f8f8-45bd-ad05-39727a2ea815'), 'email': 'test_039d3b79@example.com', 'hashed_password': '$2b$12$dYRB9xaFfhMwhznem.IKxOIL9T7aheD45MBEhUYDX5gwv/W3UoCvO', 'created_at': datetime.datetime(2026, 1, 31, 7, 52, 9, 246197), 'updated_at': datetime.datetime(2026, 1, 31, 7, 52, 9, 246779), 'is_active': True}
2026-01-31 12:52:09,456 INFO sqlalchemy.engine.Engine COMMIT
2026-01-31 12:52:09,890 INFO sqlalchemy.engine.Engine BEGIN (implicit)
2026-01-31 12:52:09,890 INFO sqlalchemy.engine.Engine SELECT users.id, users.email, users.hashed_password, users.created_at, users.updated_at, users.is_active 
FROM users 
WHERE users.id = %(pk_1)s::UUID
2026-01-31 12:52:09,890 INFO sqlalchemy.engine.Engine [cached since 107.7s ago] {'pk_1': UUID('790341a5-f8f8-45bd-ad05-39727a2ea815')}
/home/habib/hackathon-2/agentic-todo/backend/src/api/auth_utils.py:63: DeprecationWarning: datetime.datetime.utcnow() is deprecated and scheduled for removal in a future version. Use timezone-aware objects to represent datetimes in UTC: datetime.datetime.now(datetime.UTC).
  expire = datetime.utcnow() + timedelta(minutes=settings.jwt_expiration_minutes)
INFO:     127.0.0.1:52762 - "POST /auth/register HTTP/1.1" 201 Created
2026-01-31 12:52:10,320 INFO sqlalchemy.engine.Engine COMMIT
2026-01-31 12:52:10,530 INFO sqlalchemy.engine.Engine BEGIN (implicit)
2026-01-31 12:52:10,532 INFO sqlalchemy.engine.Engine SELECT users.id AS users_id, users.email AS users_email, users.hashed_password AS users_hashed_password, users.created_at AS users_created_at, users.updated_at AS users_updated_at, users.is_active AS users_is_active 
FROM users 
WHERE users.id = %(id_1)s::UUID AND users.is_active = true 
 LIMIT %(param_1)s
2026-01-31 12:52:10,532 INFO sqlalchemy.engine.Engine [cached since 106.3s ago] {'id_1': UUID('790341a5-f8f8-45bd-ad05-39727a2ea815'), 'param_1': 1}
2026-01-31 12:52:10,946 INFO sqlalchemy.engine.Engine INSERT INTO conversations (id, user_id, title, created_at, updated_at, is_deleted, deleted_at) VALUES (%(id)s::UUID, %(user_id)s::UUID, %(title)s, %(created_at)s, %(updated_at)s, %(is_deleted)s, %(deleted_at)s)
2026-01-31 12:52:10,947 INFO sqlalchemy.engine.Engine [cached since 106.3s ago] {'id': UUID('3c647f27-1f5a-40c1-afec-3fab14f78e09'), 'user_id': UUID('790341a5-f8f8-45bd-ad05-39727a2ea815'), 'title': None, 'created_at': datetime.datetime(2026, 1, 31, 7, 52, 10, 942972), 'updated_at': datetime.datetime(2026, 1, 31, 7, 52, 10, 944360), 'is_deleted': False, 'deleted_at': None}
2026-01-31 12:52:11,152 INFO sqlalchemy.engine.Engine COMMIT
2026-01-31 12:52:11,567 INFO sqlalchemy.engine.Engine BEGIN (implicit)
2026-01-31 12:52:11,569 INFO sqlalchemy.engine.Engine SELECT conversations.id, conversations.user_id, conversations.title, conversations.created_at, conversations.updated_at, conversations.is_deleted, conversations.deleted_at 
FROM conversations 
WHERE conversations.id = %(pk_1)s::UUID
2026-01-31 12:52:11,570 INFO sqlalchemy.engine.Engine [cached since 106.2s ago] {'pk_1': UUID('3c647f27-1f5a-40c1-afec-3fab14f78e09')}
INFO:     127.0.0.1:52762 - "POST /chatkit/threads HTTP/1.1" 201 Created
2026-01-31 12:52:12,047 INFO sqlalchemy.engine.Engine COMMIT
2026-01-31 12:52:12,299 INFO sqlalchemy.engine.Engine BEGIN (implicit)
2026-01-31 12:52:12,304 INFO sqlalchemy.engine.Engine SELECT users.id AS users_id, users.email AS users_email, users.hashed_password AS users_hashed_password, users.created_at AS users_created_at, users.updated_at AS users_updated_at, users.is_active AS users_is_active 
FROM users 
WHERE users.id = %(id_1)s::UUID AND users.is_active = true 
 LIMIT %(param_1)s
2026-01-31 12:52:12,304 INFO sqlalchemy.engine.Engine [cached since 108.1s ago] {'id_1': UUID('790341a5-f8f8-45bd-ad05-39727a2ea815'), 'param_1': 1}
2026-01-31 12:52:12,715 INFO sqlalchemy.engine.Engine SELECT conversations.id AS conversations_id, conversations.user_id AS conversations_user_id, conversations.title AS conversations_title, conversations.created_at AS conversations_created_at, conversations.updated_at AS conversations_updated_at, conversations.is_deleted AS conversations_is_deleted, conversations.deleted_at AS conversations_deleted_at 
FROM conversations 
WHERE conversations.id = %(id_1)s::UUID AND conversations.user_id = %(user_id_1)s::UUID AND conversations.is_deleted = false 
 LIMIT %(param_1)s
2026-01-31 12:52:12,717 INFO sqlalchemy.engine.Engine [cached since 106.2s ago] {'id_1': UUID('3c647f27-1f5a-40c1-afec-3fab14f78e09'), 'user_id_1': UUID('790341a5-f8f8-45bd-ad05-39727a2ea815'), 'param_1': 1}
2026-01-31 12:52:12,922 INFO sqlalchemy.engine.Engine UPDATE conversations SET title=%(title)s WHERE conversations.id = %(conversations_id)s::UUID
2026-01-31 12:52:12,922 INFO sqlalchemy.engine.Engine [cached since 106.2s ago] {'title': 'Add a task to buy groceries', 'conversations_id': UUID('3c647f27-1f5a-40c1-afec-3fab14f78e09')}
2026-01-31 12:52:13,127 INFO sqlalchemy.engine.Engine INSERT INTO messages (id, conversation_id, role, content, created_at) VALUES (%(id)s::UUID, %(conversation_id)s::UUID, %(role)s, %(content)s, %(created_at)s)
2026-01-31 12:52:13,127 INFO sqlalchemy.engine.Engine [cached since 106.2s ago] {'id': UUID('946ef6a0-74ad-4900-9daa-c2e6044e07a9'), 'conversation_id': UUID('3c647f27-1f5a-40c1-afec-3fab14f78e09'), 'role': 'USER', 'content': 'Add a task to buy groceries', 'created_at': datetime.datetime(2026, 1, 31, 7, 52, 12, 922161)}
2026-01-31 12:52:13,332 INFO sqlalchemy.engine.Engine COMMIT
2026-01-31 12:52:13,781 INFO sqlalchemy.engine.Engine BEGIN (implicit)
2026-01-31 12:52:13,783 INFO sqlalchemy.engine.Engine SELECT users.id AS users_id, users.email AS users_email, users.hashed_password AS users_hashed_password, users.created_at AS users_created_at, users.updated_at AS users_updated_at, users.is_active AS users_is_active 
FROM users 
WHERE users.id = %(pk_1)s::UUID
2026-01-31 12:52:13,783 INFO sqlalchemy.engine.Engine [cached since 106.2s ago] {'pk_1': UUID('790341a5-f8f8-45bd-ad05-39727a2ea815')}
2026-01-31 12:52:14,203 INFO sqlalchemy.engine.Engine SELECT conversations.id AS conversations_id, conversations.user_id AS conversations_user_id, conversations.title AS conversations_title, conversations.created_at AS conversations_created_at, conversations.updated_at AS conversations_updated_at, conversations.is_deleted AS conversations_is_deleted, conversations.deleted_at AS conversations_deleted_at 
FROM conversations 
WHERE conversations.id = %(pk_1)s::UUID
2026-01-31 12:52:14,204 INFO sqlalchemy.engine.Engine [cached since 106.2s ago] {'pk_1': UUID('3c647f27-1f5a-40c1-afec-3fab14f78e09')}
INFO:     127.0.0.1:52762 - "POST /chatkit/threads/3c647f27-1f5a-40c1-afec-3fab14f78e09/messages HTTP/1.1" 200 OK
2026-01-31 12:52:17,675 INFO sqlalchemy.engine.Engine BEGIN (implicit)
2026-01-31 12:52:17,682 INFO sqlalchemy.engine.Engine INSERT INTO tasks (id, user_id, title, description, is_completed, created_at, updated_at, completed_at) VALUES (%(id)s::UUID, %(user_id)s::UUID, %(title)s, %(description)s, %(is_completed)s, %(created_at)s, %(updated_at)s, %(completed_at)s)
2026-01-31 12:52:17,682 INFO sqlalchemy.engine.Engine [generated in 0.00132s] {'id': UUID('ae56a8a4-7eb9-4c24-b4c3-a1b8f72cf778'), 'user_id': UUID('790341a5-f8f8-45bd-ad05-39727a2ea815'), 'title': 'Buy groceries', 'description': None, 'is_completed': False, 'created_at': datetime.datetime(2026, 1, 31, 7, 52, 17, 470746), 'updated_at': datetime.datetime(2026, 1, 31, 7, 52, 17, 471013), 'completed_at': None}
2026-01-31 12:52:18,104 INFO sqlalchemy.engine.Engine COMMIT
2026-01-31 12:52:18,513 INFO sqlalchemy.engine.Engine BEGIN (implicit)
2026-01-31 12:52:18,515 INFO sqlalchemy.engine.Engine SELECT tasks.id, tasks.user_id, tasks.title, tasks.description, tasks.is_completed, tasks.created_at, tasks.updated_at, tasks.completed_at 
FROM tasks 
WHERE tasks.id = %(pk_1)s::UUID
2026-01-31 12:52:18,515 INFO sqlalchemy.engine.Engine [generated in 0.00024s] {'pk_1': UUID('ae56a8a4-7eb9-4c24-b4c3-a1b8f72cf778')}
2026-01-31 12:52:18,928 INFO sqlalchemy.engine.Engine COMMIT
2026-01-31 12:52:20,238 INFO sqlalchemy.engine.Engine INSERT INTO messages (id, conversation_id, role, content, created_at) VALUES (%(id)s::UUID, %(conversation_id)s::UUID, %(role)s, %(content)s, %(created_at)s)
2026-01-31 12:52:20,239 INFO sqlalchemy.engine.Engine [cached since 113.3s ago] {'id': UUID('5ac66901-f448-4dd5-8536-614cf3fc5897'), 'conversation_id': UUID('3c647f27-1f5a-40c1-afec-3fab14f78e09'), 'role': 'ASSISTANT', 'content': "OK. I've added 'Buy groceries' to your task list. The task ID is ae56a8a4-7eb9-4c24-b4c3-a1b8f72cf778.\n", 'created_at': datetime.datetime(2026, 1, 31, 7, 52, 20, 237616)}
2026-01-31 12:52:20,451 INFO sqlalchemy.engine.Engine COMMIT
2026-01-31 12:52:20,878 INFO sqlalchemy.engine.Engine BEGIN (implicit)
2026-01-31 12:52:20,879 INFO sqlalchemy.engine.Engine SELECT users.id AS users_id, users.email AS users_email, users.hashed_password AS users_hashed_password, users.created_at AS users_created_at, users.updated_at AS users_updated_at, users.is_active AS users_is_active 
FROM users 
WHERE users.id = %(id_1)s::UUID AND users.is_active = true 
 LIMIT %(param_1)s
2026-01-31 12:52:20,879 INFO sqlalchemy.engine.Engine [cached since 116.7s ago] {'id_1': UUID('790341a5-f8f8-45bd-ad05-39727a2ea815'), 'param_1': 1}
2026-01-31 12:52:21,297 INFO sqlalchemy.engine.Engine SELECT conversations.id AS conversations_id, conversations.user_id AS conversations_user_id, conversations.title AS conversations_title, conversations.created_at AS conversations_created_at, conversations.updated_at AS conversations_updated_at, conversations.is_deleted AS conversations_is_deleted, conversations.deleted_at AS conversations_deleted_at 
FROM conversations 
WHERE conversations.id = %(id_1)s::UUID AND conversations.user_id = %(user_id_1)s::UUID AND conversations.is_deleted = false 
 LIMIT %(param_1)s
2026-01-31 12:52:21,297 INFO sqlalchemy.engine.Engine [cached since 114.8s ago] {'id_1': UUID('3c647f27-1f5a-40c1-afec-3fab14f78e09'), 'user_id_1': UUID('790341a5-f8f8-45bd-ad05-39727a2ea815'), 'param_1': 1}
2026-01-31 12:52:21,515 INFO sqlalchemy.engine.Engine INSERT INTO messages (id, conversation_id, role, content, created_at) VALUES (%(id)s::UUID, %(conversation_id)s::UUID, %(role)s, %(content)s, %(created_at)s)
2026-01-31 12:52:21,528 INFO sqlalchemy.engine.Engine [cached since 114.6s ago] {'id': UUID('35eb4cae-2083-464e-a17c-da228bc7537f'), 'conversation_id': UUID('3c647f27-1f5a-40c1-afec-3fab14f78e09'), 'role': 'USER', 'content': 'Create a task: finish the project report', 'created_at': datetime.datetime(2026, 1, 31, 7, 52, 21, 511628)}
2026-01-31 12:52:21,732 INFO sqlalchemy.engine.Engine COMMIT
2026-01-31 12:52:22,180 INFO sqlalchemy.engine.Engine BEGIN (implicit)
2026-01-31 12:52:22,180 INFO sqlalchemy.engine.Engine SELECT users.id AS users_id, users.email AS users_email, users.hashed_password AS users_hashed_password, users.created_at AS users_created_at, users.updated_at AS users_updated_at, users.is_active AS users_is_active 
FROM users 
WHERE users.id = %(pk_1)s::UUID
2026-01-31 12:52:22,180 INFO sqlalchemy.engine.Engine [cached since 114.6s ago] {'pk_1': UUID('790341a5-f8f8-45bd-ad05-39727a2ea815')}
2026-01-31 12:52:22,612 INFO sqlalchemy.engine.Engine SELECT conversations.id AS conversations_id, conversations.user_id AS conversations_user_id, conversations.title AS conversations_title, conversations.created_at AS conversations_created_at, conversations.updated_at AS conversations_updated_at, conversations.is_deleted AS conversations_is_deleted, conversations.deleted_at AS conversations_deleted_at 
FROM conversations 
WHERE conversations.id = %(pk_1)s::UUID
2026-01-31 12:52:22,612 INFO sqlalchemy.engine.Engine [cached since 114.6s ago] {'pk_1': UUID('3c647f27-1f5a-40c1-afec-3fab14f78e09')}
INFO:     127.0.0.1:52762 - "POST /chatkit/threads/3c647f27-1f5a-40c1-afec-3fab14f78e09/messages HTTP/1.1" 200 OK
2026-01-31 12:52:25,074 INFO sqlalchemy.engine.Engine BEGIN (implicit)
2026-01-31 12:52:25,075 INFO sqlalchemy.engine.Engine INSERT INTO tasks (id, user_id, title, description, is_completed, created_at, updated_at, completed_at) VALUES (%(id)s::UUID, %(user_id)s::UUID, %(title)s, %(description)s, %(is_completed)s, %(created_at)s, %(updated_at)s, %(completed_at)s)
2026-01-31 12:52:25,076 INFO sqlalchemy.engine.Engine [cached since 7.395s ago] {'id': UUID('ab22ec52-02e9-4ce3-ab43-687a2d6933d0'), 'user_id': UUID('790341a5-f8f8-45bd-ad05-39727a2ea815'), 'title': 'finish the project report', 'description': None, 'is_completed': False, 'created_at': datetime.datetime(2026, 1, 31, 7, 52, 24, 860415), 'updated_at': datetime.datetime(2026, 1, 31, 7, 52, 24, 860804), 'completed_at': None}
2026-01-31 12:52:25,505 INFO sqlalchemy.engine.Engine COMMIT
2026-01-31 12:52:25,942 INFO sqlalchemy.engine.Engine BEGIN (implicit)
2026-01-31 12:52:25,943 INFO sqlalchemy.engine.Engine SELECT tasks.id, tasks.user_id, tasks.title, tasks.description, tasks.is_completed, tasks.created_at, tasks.updated_at, tasks.completed_at 
FROM tasks 
WHERE tasks.id = %(pk_1)s::UUID
2026-01-31 12:52:25,944 INFO sqlalchemy.engine.Engine [cached since 7.429s ago] {'pk_1': UUID('ab22ec52-02e9-4ce3-ab43-687a2d6933d0')}
2026-01-31 12:52:26,487 INFO sqlalchemy.engine.Engine COMMIT
2026-01-31 12:52:27,682 INFO sqlalchemy.engine.Engine INSERT INTO messages (id, conversation_id, role, content, created_at) VALUES (%(id)s::UUID, %(conversation_id)s::UUID, %(role)s, %(content)s, %(created_at)s)
2026-01-31 12:52:27,685 INFO sqlalchemy.engine.Engine [cached since 120.8s ago] {'id': UUID('e07869aa-b970-4603-b0fa-456dbe22181f'), 'conversation_id': UUID('3c647f27-1f5a-40c1-afec-3fab14f78e09'), 'role': 'ASSISTANT', 'content': 'OK. I\'ve created a task with the title "finish the project report" and the task ID is ab22ec52-02e9-4ce3-ab43-687a2d6933d0.\n', 'created_at': datetime.datetime(2026, 1, 31, 7, 52, 27, 676892)}
2026-01-31 12:52:27,927 INFO sqlalchemy.engine.Engine COMMIT
2026-01-31 12:52:28,379 INFO sqlalchemy.engine.Engine BEGIN (implicit)
2026-01-31 12:52:28,380 INFO sqlalchemy.engine.Engine SELECT users.id AS users_id, users.email AS users_email, users.hashed_password AS users_hashed_password, users.created_at AS users_created_at, users.updated_at AS users_updated_at, users.is_active AS users_is_active 
FROM users 
WHERE users.id = %(id_1)s::UUID AND users.is_active = true 
 LIMIT %(param_1)s
2026-01-31 12:52:28,380 INFO sqlalchemy.engine.Engine [cached since 124.2s ago] {'id_1': UUID('790341a5-f8f8-45bd-ad05-39727a2ea815'), 'param_1': 1}
2026-01-31 12:52:28,853 INFO sqlalchemy.engine.Engine SELECT conversations.id AS conversations_id, conversations.user_id AS conversations_user_id, conversations.title AS conversations_title, conversations.created_at AS conversations_created_at, conversations.updated_at AS conversations_updated_at, conversations.is_deleted AS conversations_is_deleted, conversations.deleted_at AS conversations_deleted_at 
FROM conversations 
WHERE conversations.id = %(id_1)s::UUID AND conversations.user_id = %(user_id_1)s::UUID AND conversations.is_deleted = false 
 LIMIT %(param_1)s
2026-01-31 12:52:28,853 INFO sqlalchemy.engine.Engine [cached since 122.4s ago] {'id_1': UUID('3c647f27-1f5a-40c1-afec-3fab14f78e09'), 'user_id_1': UUID('790341a5-f8f8-45bd-ad05-39727a2ea815'), 'param_1': 1}
2026-01-31 12:52:29,064 INFO sqlalchemy.engine.Engine INSERT INTO messages (id, conversation_id, role, content, created_at) VALUES (%(id)s::UUID, %(conversation_id)s::UUID, %(role)s, %(content)s, %(created_at)s)
2026-01-31 12:52:29,064 INFO sqlalchemy.engine.Engine [cached since 122.1s ago] {'id': UUID('6f6bee1c-4437-45ca-92f4-4ca00af3debc'), 'conversation_id': UUID('3c647f27-1f5a-40c1-afec-3fab14f78e09'), 'role': 'USER', 'content': 'Add task: call dentist for appointment', 'created_at': datetime.datetime(2026, 1, 31, 7, 52, 29, 63876)}
2026-01-31 12:52:29,273 INFO sqlalchemy.engine.Engine COMMIT
2026-01-31 12:52:29,703 INFO sqlalchemy.engine.Engine BEGIN (implicit)
2026-01-31 12:52:29,707 INFO sqlalchemy.engine.Engine SELECT users.id AS users_id, users.email AS users_email, users.hashed_password AS users_hashed_password, users.created_at AS users_created_at, users.updated_at AS users_updated_at, users.is_active AS users_is_active 
FROM users 
WHERE users.id = %(pk_1)s::UUID
2026-01-31 12:52:29,707 INFO sqlalchemy.engine.Engine [cached since 122.1s ago] {'pk_1': UUID('790341a5-f8f8-45bd-ad05-39727a2ea815')}
2026-01-31 12:52:30,137 INFO sqlalchemy.engine.Engine SELECT conversations.id AS conversations_id, conversations.user_id AS conversations_user_id, conversations.title AS conversations_title, conversations.created_at AS conversations_created_at, conversations.updated_at AS conversations_updated_at, conversations.is_deleted AS conversations_is_deleted, conversations.deleted_at AS conversations_deleted_at 
FROM conversations 
WHERE conversations.id = %(pk_1)s::UUID
2026-01-31 12:52:30,137 INFO sqlalchemy.engine.Engine [cached since 122.1s ago] {'pk_1': UUID('3c647f27-1f5a-40c1-afec-3fab14f78e09')}
INFO:     127.0.0.1:52762 - "POST /chatkit/threads/3c647f27-1f5a-40c1-afec-3fab14f78e09/messages HTTP/1.1" 200 OK
2026-01-31 12:52:32,237 INFO sqlalchemy.engine.Engine BEGIN (implicit)
2026-01-31 12:52:32,238 INFO sqlalchemy.engine.Engine INSERT INTO tasks (id, user_id, title, description, is_completed, created_at, updated_at, completed_at) VALUES (%(id)s::UUID, %(user_id)s::UUID, %(title)s, %(description)s, %(is_completed)s, %(created_at)s, %(updated_at)s, %(completed_at)s)
2026-01-31 12:52:32,240 INFO sqlalchemy.engine.Engine [cached since 14.56s ago] {'id': UUID('f198a112-9bb5-4353-a296-eb23ee58405f'), 'user_id': UUID('790341a5-f8f8-45bd-ad05-39727a2ea815'), 'title': 'call dentist for appointment', 'description': None, 'is_completed': False, 'created_at': datetime.datetime(2026, 1, 31, 7, 52, 32, 24691), 'updated_at': datetime.datetime(2026, 1, 31, 7, 52, 32, 28236), 'completed_at': None}
2026-01-31 12:52:32,660 INFO sqlalchemy.engine.Engine COMMIT
2026-01-31 12:52:33,078 INFO sqlalchemy.engine.Engine BEGIN (implicit)
2026-01-31 12:52:33,081 INFO sqlalchemy.engine.Engine SELECT tasks.id, tasks.user_id, tasks.title, tasks.description, tasks.is_completed, tasks.created_at, tasks.updated_at, tasks.completed_at 
FROM tasks 
WHERE tasks.id = %(pk_1)s::UUID
2026-01-31 12:52:33,085 INFO sqlalchemy.engine.Engine [cached since 14.57s ago] {'pk_1': UUID('f198a112-9bb5-4353-a296-eb23ee58405f')}
2026-01-31 12:52:33,503 INFO sqlalchemy.engine.Engine COMMIT
2026-01-31 12:52:34,398 INFO sqlalchemy.engine.Engine INSERT INTO messages (id, conversation_id, role, content, created_at) VALUES (%(id)s::UUID, %(conversation_id)s::UUID, %(role)s, %(content)s, %(created_at)s)
2026-01-31 12:52:34,398 INFO sqlalchemy.engine.Engine [cached since 127.5s ago] {'id': UUID('3752ac44-b319-458b-8021-c908d8de177f'), 'conversation_id': UUID('3c647f27-1f5a-40c1-afec-3fab14f78e09'), 'role': 'ASSISTANT', 'content': 'OK. I\'ve added the task "call dentist for appointment" to your todo list.\n', 'created_at': datetime.datetime(2026, 1, 31, 7, 52, 34, 397945)}
2026-01-31 12:52:34,610 INFO sqlalchemy.engine.Engine COMMIT
2026-01-31 12:52:35,080 INFO sqlalchemy.engine.Engine BEGIN (implicit)
2026-01-31 12:52:35,083 INFO sqlalchemy.engine.Engine SELECT users.id AS users_id, users.email AS users_email, users.hashed_password AS users_hashed_password, users.created_at AS users_created_at, users.updated_at AS users_updated_at, users.is_active AS users_is_active 
FROM users 
WHERE users.id = %(id_1)s::UUID AND users.is_active = true 
 LIMIT %(param_1)s
2026-01-31 12:52:35,085 INFO sqlalchemy.engine.Engine [cached since 130.9s ago] {'id_1': UUID('790341a5-f8f8-45bd-ad05-39727a2ea815'), 'param_1': 1}
2026-01-31 12:52:35,507 INFO sqlalchemy.engine.Engine SELECT conversations.id AS conversations_id, conversations.user_id AS conversations_user_id, conversations.title AS conversations_title, conversations.created_at AS conversations_created_at, conversations.updated_at AS conversations_updated_at, conversations.is_deleted AS conversations_is_deleted, conversations.deleted_at AS conversations_deleted_at 
FROM conversations 
WHERE conversations.id = %(id_1)s::UUID AND conversations.user_id = %(user_id_1)s::UUID AND conversations.is_deleted = false 
 LIMIT %(param_1)s
2026-01-31 12:52:35,507 INFO sqlalchemy.engine.Engine [cached since 129s ago] {'id_1': UUID('3c647f27-1f5a-40c1-afec-3fab14f78e09'), 'user_id_1': UUID('790341a5-f8f8-45bd-ad05-39727a2ea815'), 'param_1': 1}
2026-01-31 12:52:35,733 INFO sqlalchemy.engine.Engine INSERT INTO messages (id, conversation_id, role, content, created_at) VALUES (%(id)s::UUID, %(conversation_id)s::UUID, %(role)s, %(content)s, %(created_at)s)
2026-01-31 12:52:35,734 INFO sqlalchemy.engine.Engine [cached since 128.8s ago] {'id': UUID('e7f0db85-904a-42d6-a5cf-332a839a1ff7'), 'conversation_id': UUID('3c647f27-1f5a-40c1-afec-3fab14f78e09'), 'role': 'USER', 'content': 'Show me all my tasks', 'created_at': datetime.datetime(2026, 1, 31, 7, 52, 35, 733164)}
2026-01-31 12:52:35,953 INFO sqlalchemy.engine.Engine COMMIT
2026-01-31 12:52:36,411 INFO sqlalchemy.engine.Engine BEGIN (implicit)
2026-01-31 12:52:36,413 INFO sqlalchemy.engine.Engine SELECT users.id AS users_id, users.email AS users_email, users.hashed_password AS users_hashed_password, users.created_at AS users_created_at, users.updated_at AS users_updated_at, users.is_active AS users_is_active 
FROM users 
WHERE users.id = %(pk_1)s::UUID
2026-01-31 12:52:36,413 INFO sqlalchemy.engine.Engine [cached since 128.8s ago] {'pk_1': UUID('790341a5-f8f8-45bd-ad05-39727a2ea815')}
2026-01-31 12:52:36,838 INFO sqlalchemy.engine.Engine SELECT conversations.id AS conversations_id, conversations.user_id AS conversations_user_id, conversations.title AS conversations_title, conversations.created_at AS conversations_created_at, conversations.updated_at AS conversations_updated_at, conversations.is_deleted AS conversations_is_deleted, conversations.deleted_at AS conversations_deleted_at 
FROM conversations 
WHERE conversations.id = %(pk_1)s::UUID
2026-01-31 12:52:36,838 INFO sqlalchemy.engine.Engine [cached since 128.8s ago] {'pk_1': UUID('3c647f27-1f5a-40c1-afec-3fab14f78e09')}
INFO:     127.0.0.1:52762 - "POST /chatkit/threads/3c647f27-1f5a-40c1-afec-3fab14f78e09/messages HTTP/1.1" 200 OK
2026-01-31 12:52:39,179 INFO sqlalchemy.engine.Engine BEGIN (implicit)
2026-01-31 12:52:39,180 INFO sqlalchemy.engine.Engine SELECT count(*) AS count_1 
FROM (SELECT tasks.id AS tasks_id, tasks.user_id AS tasks_user_id, tasks.title AS tasks_title, tasks.description AS tasks_description, tasks.is_completed AS tasks_is_completed, tasks.created_at AS tasks_created_at, tasks.updated_at AS tasks_updated_at, tasks.completed_at AS tasks_completed_at 
FROM tasks 
WHERE tasks.user_id = %(user_id_1)s::UUID) AS anon_1
2026-01-31 12:52:39,180 INFO sqlalchemy.engine.Engine [cached since 123.9s ago] {'user_id_1': UUID('790341a5-f8f8-45bd-ad05-39727a2ea815')}
2026-01-31 12:52:39,589 INFO sqlalchemy.engine.Engine SELECT tasks.id AS tasks_id, tasks.user_id AS tasks_user_id, tasks.title AS tasks_title, tasks.description AS tasks_description, tasks.is_completed AS tasks_is_completed, tasks.created_at AS tasks_created_at, tasks.updated_at AS tasks_updated_at, tasks.completed_at AS tasks_completed_at 
FROM tasks 
WHERE tasks.user_id = %(user_id_1)s::UUID ORDER BY tasks.created_at DESC 
 LIMIT %(param_1)s OFFSET %(param_2)s
2026-01-31 12:52:39,589 INFO sqlalchemy.engine.Engine [cached since 123.9s ago] {'user_id_1': UUID('790341a5-f8f8-45bd-ad05-39727a2ea815'), 'param_1': 50, 'param_2': 0}
2026-01-31 12:52:39,793 INFO sqlalchemy.engine.Engine COMMIT
2026-01-31 12:52:41,638 INFO sqlalchemy.engine.Engine INSERT INTO messages (id, conversation_id, role, content, created_at) VALUES (%(id)s::UUID, %(conversation_id)s::UUID, %(role)s, %(content)s, %(created_at)s)
2026-01-31 12:52:41,639 INFO sqlalchemy.engine.Engine [cached since 134.7s ago] {'id': UUID('8f0337ab-a070-4c20-93ba-b54e922f13e4'), 'conversation_id': UUID('3c647f27-1f5a-40c1-afec-3fab14f78e09'), 'role': 'ASSISTANT', 'content': 'OK. Here are all of your tasks:\n- task_id: f198a112-9bb5-4353-a296-eb23ee58405f, title: call dentist for appointment, is_completed: False\n- task_id ... (36 characters truncated) ... d0, title: finish the project report, is_completed: False\n- task_id: ae56a8a4-7eb9-4c24-b4c3-a1b8f72cf778, title: Buy groceries, is_completed: False', 'created_at': datetime.datetime(2026, 1, 31, 7, 52, 41, 638418)}
2026-01-31 12:52:41,849 INFO sqlalchemy.engine.Engine COMMIT
2026-01-31 12:52:42,350 INFO sqlalchemy.engine.Engine BEGIN (implicit)
2026-01-31 12:52:42,354 INFO sqlalchemy.engine.Engine SELECT users.id AS users_id, users.email AS users_email, users.hashed_password AS users_hashed_password, users.created_at AS users_created_at, users.updated_at AS users_updated_at, users.is_active AS users_is_active 
FROM users 
WHERE users.id = %(id_1)s::UUID AND users.is_active = true 
 LIMIT %(param_1)s
2026-01-31 12:52:42,354 INFO sqlalchemy.engine.Engine [cached since 138.2s ago] {'id_1': UUID('790341a5-f8f8-45bd-ad05-39727a2ea815'), 'param_1': 1}
2026-01-31 12:52:42,761 INFO sqlalchemy.engine.Engine SELECT conversations.id AS conversations_id, conversations.user_id AS conversations_user_id, conversations.title AS conversations_title, conversations.created_at AS conversations_created_at, conversations.updated_at AS conversations_updated_at, conversations.is_deleted AS conversations_is_deleted, conversations.deleted_at AS conversations_deleted_at 
FROM conversations 
WHERE conversations.id = %(id_1)s::UUID AND conversations.user_id = %(user_id_1)s::UUID AND conversations.is_deleted = false 
 LIMIT %(param_1)s
2026-01-31 12:52:42,761 INFO sqlalchemy.engine.Engine [cached since 136.3s ago] {'id_1': UUID('3c647f27-1f5a-40c1-afec-3fab14f78e09'), 'user_id_1': UUID('790341a5-f8f8-45bd-ad05-39727a2ea815'), 'param_1': 1}
2026-01-31 12:52:42,969 INFO sqlalchemy.engine.Engine INSERT INTO messages (id, conversation_id, role, content, created_at) VALUES (%(id)s::UUID, %(conversation_id)s::UUID, %(role)s, %(content)s, %(created_at)s)
2026-01-31 12:52:42,969 INFO sqlalchemy.engine.Engine [cached since 136s ago] {'id': UUID('d31272f7-1d42-408b-a08f-891e9782a502'), 'conversation_id': UUID('3c647f27-1f5a-40c1-afec-3fab14f78e09'), 'role': 'USER', 'content': 'What are my pending tasks?', 'created_at': datetime.datetime(2026, 1, 31, 7, 52, 42, 968494)}
2026-01-31 12:52:43,171 INFO sqlalchemy.engine.Engine COMMIT
2026-01-31 12:52:43,585 INFO sqlalchemy.engine.Engine BEGIN (implicit)
2026-01-31 12:52:43,592 INFO sqlalchemy.engine.Engine SELECT users.id AS users_id, users.email AS users_email, users.hashed_password AS users_hashed_password, users.created_at AS users_created_at, users.updated_at AS users_updated_at, users.is_active AS users_is_active 
FROM users 
WHERE users.id = %(pk_1)s::UUID
2026-01-31 12:52:43,592 INFO sqlalchemy.engine.Engine [cached since 136s ago] {'pk_1': UUID('790341a5-f8f8-45bd-ad05-39727a2ea815')}
2026-01-31 12:52:44,097 INFO sqlalchemy.engine.Engine SELECT conversations.id AS conversations_id, conversations.user_id AS conversations_user_id, conversations.title AS conversations_title, conversations.created_at AS conversations_created_at, conversations.updated_at AS conversations_updated_at, conversations.is_deleted AS conversations_is_deleted, conversations.deleted_at AS conversations_deleted_at 
FROM conversations 
WHERE conversations.id = %(pk_1)s::UUID
2026-01-31 12:52:44,104 INFO sqlalchemy.engine.Engine [cached since 136.1s ago] {'pk_1': UUID('3c647f27-1f5a-40c1-afec-3fab14f78e09')}
INFO:     127.0.0.1:52762 - "POST /chatkit/threads/3c647f27-1f5a-40c1-afec-3fab14f78e09/messages HTTP/1.1" 200 OK
2026-01-31 12:52:46,569 INFO sqlalchemy.engine.Engine BEGIN (implicit)
2026-01-31 12:52:46,618 INFO sqlalchemy.engine.Engine SELECT count(*) AS count_1 
FROM (SELECT tasks.id AS tasks_id, tasks.user_id AS tasks_user_id, tasks.title AS tasks_title, tasks.description AS tasks_description, tasks.is_completed AS tasks_is_completed, tasks.created_at AS tasks_created_at, tasks.updated_at AS tasks_updated_at, tasks.completed_at AS tasks_completed_at 
FROM tasks 
WHERE tasks.user_id = %(user_id_1)s::UUID AND tasks.is_completed = false) AS anon_1
2026-01-31 12:52:46,618 INFO sqlalchemy.engine.Engine [generated in 0.00038s] {'user_id_1': UUID('790341a5-f8f8-45bd-ad05-39727a2ea815')}
2026-01-31 12:52:47,035 INFO sqlalchemy.engine.Engine SELECT tasks.id AS tasks_id, tasks.user_id AS tasks_user_id, tasks.title AS tasks_title, tasks.description AS tasks_description, tasks.is_completed AS tasks_is_completed, tasks.created_at AS tasks_created_at, tasks.updated_at AS tasks_updated_at, tasks.completed_at AS tasks_completed_at 
FROM tasks 
WHERE tasks.user_id = %(user_id_1)s::UUID AND tasks.is_completed = false ORDER BY tasks.created_at DESC 
 LIMIT %(param_1)s OFFSET %(param_2)s
2026-01-31 12:52:47,035 INFO sqlalchemy.engine.Engine [generated in 0.00030s] {'user_id_1': UUID('790341a5-f8f8-45bd-ad05-39727a2ea815'), 'param_1': 50, 'param_2': 0}
2026-01-31 12:52:47,240 INFO sqlalchemy.engine.Engine COMMIT
2026-01-31 12:52:48,919 INFO sqlalchemy.engine.Engine INSERT INTO messages (id, conversation_id, role, content, created_at) VALUES (%(id)s::UUID, %(conversation_id)s::UUID, %(role)s, %(content)s, %(created_at)s)
2026-01-31 12:52:48,920 INFO sqlalchemy.engine.Engine [cached since 142s ago] {'id': UUID('d21b0212-b01f-426b-a726-d286c3ea07a1'), 'conversation_id': UUID('3c647f27-1f5a-40c1-afec-3fab14f78e09'), 'role': 'ASSISTANT', 'content': 'OK. Here are your pending tasks:\n- task_id: f198a112-9bb5-4353-a296-eb23ee58405f, title: call dentist for appointment\n- task_id: ab22ec52-02e9-4ce3-ab43-687a2d6933d0, title: finish the project report\n- task_id: ae56a8a4-7eb9-4c24-b4c3-a1b8f72cf778, title: Buy groceries', 'created_at': datetime.datetime(2026, 1, 31, 7, 52, 48, 917486)}
2026-01-31 12:52:49,130 INFO sqlalchemy.engine.Engine COMMIT
2026-01-31 12:52:49,625 INFO sqlalchemy.engine.Engine BEGIN (implicit)
2026-01-31 12:52:49,633 INFO sqlalchemy.engine.Engine SELECT users.id AS users_id, users.email AS users_email, users.hashed_password AS users_hashed_password, users.created_at AS users_created_at, users.updated_at AS users_updated_at, users.is_active AS users_is_active 
FROM users 
WHERE users.id = %(id_1)s::UUID AND users.is_active = true 
 LIMIT %(param_1)s
2026-01-31 12:52:49,633 INFO sqlalchemy.engine.Engine [cached since 145.4s ago] {'id_1': UUID('790341a5-f8f8-45bd-ad05-39727a2ea815'), 'param_1': 1}
2026-01-31 12:52:50,039 INFO sqlalchemy.engine.Engine SELECT conversations.id AS conversations_id, conversations.user_id AS conversations_user_id, conversations.title AS conversations_title, conversations.created_at AS conversations_created_at, conversations.updated_at AS conversations_updated_at, conversations.is_deleted AS conversations_is_deleted, conversations.deleted_at AS conversations_deleted_at 
FROM conversations 
WHERE conversations.id = %(id_1)s::UUID AND conversations.user_id = %(user_id_1)s::UUID AND conversations.is_deleted = false 
 LIMIT %(param_1)s
2026-01-31 12:52:50,040 INFO sqlalchemy.engine.Engine [cached since 143.6s ago] {'id_1': UUID('3c647f27-1f5a-40c1-afec-3fab14f78e09'), 'user_id_1': UUID('790341a5-f8f8-45bd-ad05-39727a2ea815'), 'param_1': 1}
2026-01-31 12:52:50,252 INFO sqlalchemy.engine.Engine INSERT INTO messages (id, conversation_id, role, content, created_at) VALUES (%(id)s::UUID, %(conversation_id)s::UUID, %(role)s, %(content)s, %(created_at)s)
2026-01-31 12:52:50,253 INFO sqlalchemy.engine.Engine [cached since 143.3s ago] {'id': UUID('d6a0ac6f-b29f-44e6-8e84-1c570747906d'), 'conversation_id': UUID('3c647f27-1f5a-40c1-afec-3fab14f78e09'), 'role': 'USER', 'content': 'Mark the groceries task as complete', 'created_at': datetime.datetime(2026, 1, 31, 7, 52, 50, 248205)}
2026-01-31 12:52:50,461 INFO sqlalchemy.engine.Engine COMMIT
2026-01-31 12:52:50,876 INFO sqlalchemy.engine.Engine BEGIN (implicit)
2026-01-31 12:52:50,877 INFO sqlalchemy.engine.Engine SELECT users.id AS users_id, users.email AS users_email, users.hashed_password AS users_hashed_password, users.created_at AS users_created_at, users.updated_at AS users_updated_at, users.is_active AS users_is_active 
FROM users 
WHERE users.id = %(pk_1)s::UUID
2026-01-31 12:52:50,877 INFO sqlalchemy.engine.Engine [cached since 143.3s ago] {'pk_1': UUID('790341a5-f8f8-45bd-ad05-39727a2ea815')}
2026-01-31 12:52:51,303 INFO sqlalchemy.engine.Engine SELECT conversations.id AS conversations_id, conversations.user_id AS conversations_user_id, conversations.title AS conversations_title, conversations.created_at AS conversations_created_at, conversations.updated_at AS conversations_updated_at, conversations.is_deleted AS conversations_is_deleted, conversations.deleted_at AS conversations_deleted_at 
FROM conversations 
WHERE conversations.id = %(pk_1)s::UUID
2026-01-31 12:52:51,304 INFO sqlalchemy.engine.Engine [cached since 143.3s ago] {'pk_1': UUID('3c647f27-1f5a-40c1-afec-3fab14f78e09')}
INFO:     127.0.0.1:52762 - "POST /chatkit/threads/3c647f27-1f5a-40c1-afec-3fab14f78e09/messages HTTP/1.1" 200 OK
2026-01-31 12:52:53,628 INFO sqlalchemy.engine.Engine INSERT INTO messages (id, conversation_id, role, content, created_at) VALUES (%(id)s::UUID, %(conversation_id)s::UUID, %(role)s, %(content)s, %(created_at)s)
2026-01-31 12:52:53,628 INFO sqlalchemy.engine.Engine [cached since 146.7s ago] {'id': UUID('cae8f402-282d-4c1c-9e03-9618e9a7be16'), 'conversation_id': UUID('3c647f27-1f5a-40c1-afec-3fab14f78e09'), 'role': 'ASSISTANT', 'content': 'Could you please provide the task ID for the "groceries" task? If you don\'t have the ID, I can search for a task with the title "groceries" to complete.', 'created_at': datetime.datetime(2026, 1, 31, 7, 52, 53, 628066)}
2026-01-31 12:52:53,838 INFO sqlalchemy.engine.Engine COMMIT
2026-01-31 12:52:54,265 INFO sqlalchemy.engine.Engine BEGIN (implicit)
2026-01-31 12:52:54,267 INFO sqlalchemy.engine.Engine SELECT users.id AS users_id, users.email AS users_email, users.hashed_password AS users_hashed_password, users.created_at AS users_created_at, users.updated_at AS users_updated_at, users.is_active AS users_is_active 
FROM users 
WHERE users.id = %(id_1)s::UUID AND users.is_active = true 
 LIMIT %(param_1)s
2026-01-31 12:52:54,267 INFO sqlalchemy.engine.Engine [cached since 150.1s ago] {'id_1': UUID('790341a5-f8f8-45bd-ad05-39727a2ea815'), 'param_1': 1}
2026-01-31 12:52:54,683 INFO sqlalchemy.engine.Engine SELECT conversations.id AS conversations_id, conversations.user_id AS conversations_user_id, conversations.title AS conversations_title, conversations.created_at AS conversations_created_at, conversations.updated_at AS conversations_updated_at, conversations.is_deleted AS conversations_is_deleted, conversations.deleted_at AS conversations_deleted_at 
FROM conversations 
WHERE conversations.id = %(id_1)s::UUID AND conversations.user_id = %(user_id_1)s::UUID AND conversations.is_deleted = false 
 LIMIT %(param_1)s
2026-01-31 12:52:54,683 INFO sqlalchemy.engine.Engine [cached since 148.2s ago] {'id_1': UUID('3c647f27-1f5a-40c1-afec-3fab14f78e09'), 'user_id_1': UUID('790341a5-f8f8-45bd-ad05-39727a2ea815'), 'param_1': 1}
2026-01-31 12:52:54,888 INFO sqlalchemy.engine.Engine INSERT INTO messages (id, conversation_id, role, content, created_at) VALUES (%(id)s::UUID, %(conversation_id)s::UUID, %(role)s, %(content)s, %(created_at)s)
2026-01-31 12:52:54,888 INFO sqlalchemy.engine.Engine [cached since 148s ago] {'id': UUID('c9e91c07-289f-4fcc-994d-91c24b0eb8e4'), 'conversation_id': UUID('3c647f27-1f5a-40c1-afec-3fab14f78e09'), 'role': 'USER', 'content': 'Show me my completed tasks', 'created_at': datetime.datetime(2026, 1, 31, 7, 52, 54, 887392)}
2026-01-31 12:52:55,091 INFO sqlalchemy.engine.Engine COMMIT
2026-01-31 12:52:55,561 INFO sqlalchemy.engine.Engine BEGIN (implicit)
2026-01-31 12:52:55,562 INFO sqlalchemy.engine.Engine SELECT users.id AS users_id, users.email AS users_email, users.hashed_password AS users_hashed_password, users.created_at AS users_created_at, users.updated_at AS users_updated_at, users.is_active AS users_is_active 
FROM users 
WHERE users.id = %(pk_1)s::UUID
2026-01-31 12:52:55,564 INFO sqlalchemy.engine.Engine [cached since 148s ago] {'pk_1': UUID('790341a5-f8f8-45bd-ad05-39727a2ea815')}
2026-01-31 12:52:55,988 INFO sqlalchemy.engine.Engine SELECT conversations.id AS conversations_id, conversations.user_id AS conversations_user_id, conversations.title AS conversations_title, conversations.created_at AS conversations_created_at, conversations.updated_at AS conversations_updated_at, conversations.is_deleted AS conversations_is_deleted, conversations.deleted_at AS conversations_deleted_at 
FROM conversations 
WHERE conversations.id = %(pk_1)s::UUID
2026-01-31 12:52:55,988 INFO sqlalchemy.engine.Engine [cached since 148s ago] {'pk_1': UUID('3c647f27-1f5a-40c1-afec-3fab14f78e09')}
INFO:     127.0.0.1:52762 - "POST /chatkit/threads/3c647f27-1f5a-40c1-afec-3fab14f78e09/messages HTTP/1.1" 200 OK
2026-01-31 12:52:57,942 INFO sqlalchemy.engine.Engine BEGIN (implicit)
2026-01-31 12:52:57,961 INFO sqlalchemy.engine.Engine SELECT count(*) AS count_1 
FROM (SELECT tasks.id AS tasks_id, tasks.user_id AS tasks_user_id, tasks.title AS tasks_title, tasks.description AS tasks_description, tasks.is_completed AS tasks_is_completed, tasks.created_at AS tasks_created_at, tasks.updated_at AS tasks_updated_at, tasks.completed_at AS tasks_completed_at 
FROM tasks 
WHERE tasks.user_id = %(user_id_1)s::UUID AND tasks.is_completed = true) AS anon_1
2026-01-31 12:52:57,980 INFO sqlalchemy.engine.Engine [generated in 0.01884s] {'user_id_1': UUID('790341a5-f8f8-45bd-ad05-39727a2ea815')}
2026-01-31 12:52:58,390 INFO sqlalchemy.engine.Engine SELECT tasks.id AS tasks_id, tasks.user_id AS tasks_user_id, tasks.title AS tasks_title, tasks.description AS tasks_description, tasks.is_completed AS tasks_is_completed, tasks.created_at AS tasks_created_at, tasks.updated_at AS tasks_updated_at, tasks.completed_at AS tasks_completed_at 
FROM tasks 
WHERE tasks.user_id = %(user_id_1)s::UUID AND tasks.is_completed = true ORDER BY tasks.created_at DESC 
 LIMIT %(param_1)s OFFSET %(param_2)s
2026-01-31 12:52:58,390 INFO sqlalchemy.engine.Engine [generated in 0.00022s] {'user_id_1': UUID('790341a5-f8f8-45bd-ad05-39727a2ea815'), 'param_1': 50, 'param_2': 0}
2026-01-31 12:52:58,593 INFO sqlalchemy.engine.Engine COMMIT
2026-01-31 12:52:59,459 INFO sqlalchemy.engine.Engine INSERT INTO messages (id, conversation_id, role, content, created_at) VALUES (%(id)s::UUID, %(conversation_id)s::UUID, %(role)s, %(content)s, %(created_at)s)
2026-01-31 12:52:59,459 INFO sqlalchemy.engine.Engine [cached since 152.5s ago] {'id': UUID('71cd87c2-b538-4141-a345-e69b5bfbd6da'), 'conversation_id': UUID('3c647f27-1f5a-40c1-afec-3fab14f78e09'), 'role': 'ASSISTANT', 'content': 'You have no completed tasks.\n', 'created_at': datetime.datetime(2026, 1, 31, 7, 52, 59, 458206)}
2026-01-31 12:52:59,669 INFO sqlalchemy.engine.Engine COMMIT
2026-01-31 12:54:46,832 INFO sqlalchemy.engine.Engine BEGIN (implicit)
2026-01-31 12:54:46,832 INFO sqlalchemy.engine.Engine SELECT 1
2026-01-31 12:54:46,833 INFO sqlalchemy.engine.Engine [cached since 588.5s ago] {}
2026-01-31 12:54:47,242 INFO sqlalchemy.engine.Engine COMMIT
INFO:     127.0.0.1:38774 - "GET /health HTTP/1.1" 200 OK
2026-01-31 12:55:51,202 INFO sqlalchemy.engine.Engine BEGIN (implicit)
2026-01-31 12:55:51,203 INFO sqlalchemy.engine.Engine SELECT users.id AS users_id, users.email AS users_email, users.hashed_password AS users_hashed_password, users.created_at AS users_created_at, users.updated_at AS users_updated_at, users.is_active AS users_is_active 
FROM users 
WHERE users.email = %(email_1)s 
 LIMIT %(param_1)s
2026-01-31 12:55:51,203 INFO sqlalchemy.engine.Engine [cached since 407s ago] {'email_1': 'final_test_a7ca00fd@example.com', 'param_1': 1}
2026-01-31 12:55:51,988 INFO sqlalchemy.engine.Engine INSERT INTO users (id, email, hashed_password, created_at, updated_at, is_active) VALUES (%(id)s::UUID, %(email)s, %(hashed_password)s, %(created_at)s, %(updated_at)s, %(is_active)s)
2026-01-31 12:55:51,988 INFO sqlalchemy.engine.Engine [cached since 330.5s ago] {'id': UUID('0cea2fca-58d7-409a-9f3a-224345d3d573'), 'email': 'final_test_a7ca00fd@example.com', 'hashed_password': '$2b$12$4/nXWJHmcr8e.otBPijFd.NsxXMQLTUVsb2d0yrvtNuQumFudKtYq', 'created_at': datetime.datetime(2026, 1, 31, 7, 55, 51, 984725), 'updated_at': datetime.datetime(2026, 1, 31, 7, 55, 51, 986132), 'is_active': True}
2026-01-31 12:55:52,307 INFO sqlalchemy.engine.Engine COMMIT
2026-01-31 12:55:52,722 INFO sqlalchemy.engine.Engine BEGIN (implicit)
2026-01-31 12:55:52,724 INFO sqlalchemy.engine.Engine SELECT users.id, users.email, users.hashed_password, users.created_at, users.updated_at, users.is_active 
FROM users 
WHERE users.id = %(pk_1)s::UUID
2026-01-31 12:55:52,724 INFO sqlalchemy.engine.Engine [cached since 330.6s ago] {'pk_1': UUID('0cea2fca-58d7-409a-9f3a-224345d3d573')}
INFO:     127.0.0.1:53082 - "POST /auth/register HTTP/1.1" 201 Created
2026-01-31 12:55:53,132 INFO sqlalchemy.engine.Engine COMMIT
2026-01-31 12:55:53,350 INFO sqlalchemy.engine.Engine BEGIN (implicit)
2026-01-31 12:55:53,352 INFO sqlalchemy.engine.Engine SELECT users.id AS users_id, users.email AS users_email, users.hashed_password AS users_hashed_password, users.created_at AS users_created_at, users.updated_at AS users_updated_at, users.is_active AS users_is_active 
FROM users 
WHERE users.id = %(id_1)s::UUID AND users.is_active = true 
 LIMIT %(param_1)s
2026-01-31 12:55:53,353 INFO sqlalchemy.engine.Engine [cached since 329.2s ago] {'id_1': UUID('0cea2fca-58d7-409a-9f3a-224345d3d573'), 'param_1': 1}
2026-01-31 12:55:53,851 INFO sqlalchemy.engine.Engine INSERT INTO conversations (id, user_id, title, created_at, updated_at, is_deleted, deleted_at) VALUES (%(id)s::UUID, %(user_id)s::UUID, %(title)s, %(created_at)s, %(updated_at)s, %(is_deleted)s, %(deleted_at)s)
2026-01-31 12:55:53,851 INFO sqlalchemy.engine.Engine [cached since 329.2s ago] {'id': UUID('a455d356-d39f-415f-8a04-cf1e4c91fa3e'), 'user_id': UUID('0cea2fca-58d7-409a-9f3a-224345d3d573'), 'title': None, 'created_at': datetime.datetime(2026, 1, 31, 7, 55, 53, 849670), 'updated_at': datetime.datetime(2026, 1, 31, 7, 55, 53, 850479), 'is_deleted': False, 'deleted_at': None}
2026-01-31 12:55:54,065 INFO sqlalchemy.engine.Engine COMMIT
2026-01-31 12:55:54,480 INFO sqlalchemy.engine.Engine BEGIN (implicit)
2026-01-31 12:55:54,482 INFO sqlalchemy.engine.Engine SELECT conversations.id, conversations.user_id, conversations.title, conversations.created_at, conversations.updated_at, conversations.is_deleted, conversations.deleted_at 
FROM conversations 
WHERE conversations.id = %(pk_1)s::UUID
2026-01-31 12:55:54,483 INFO sqlalchemy.engine.Engine [cached since 329.1s ago] {'pk_1': UUID('a455d356-d39f-415f-8a04-cf1e4c91fa3e')}
INFO:     127.0.0.1:53082 - "POST /chatkit/threads HTTP/1.1" 201 Created
2026-01-31 12:55:54,897 INFO sqlalchemy.engine.Engine COMMIT
2026-01-31 12:55:55,157 INFO sqlalchemy.engine.Engine BEGIN (implicit)
2026-01-31 12:55:55,159 INFO sqlalchemy.engine.Engine SELECT users.id AS users_id, users.email AS users_email, users.hashed_password AS users_hashed_password, users.created_at AS users_created_at, users.updated_at AS users_updated_at, users.is_active AS users_is_active 
FROM users 
WHERE users.id = %(id_1)s::UUID AND users.is_active = true 
 LIMIT %(param_1)s
2026-01-31 12:55:55,159 INFO sqlalchemy.engine.Engine [cached since 331s ago] {'id_1': UUID('0cea2fca-58d7-409a-9f3a-224345d3d573'), 'param_1': 1}
2026-01-31 12:55:55,594 INFO sqlalchemy.engine.Engine SELECT conversations.id AS conversations_id, conversations.user_id AS conversations_user_id, conversations.title AS conversations_title, conversations.created_at AS conversations_created_at, conversations.updated_at AS conversations_updated_at, conversations.is_deleted AS conversations_is_deleted, conversations.deleted_at AS conversations_deleted_at 
FROM conversations 
WHERE conversations.id = %(id_1)s::UUID AND conversations.user_id = %(user_id_1)s::UUID AND conversations.is_deleted = false 
 LIMIT %(param_1)s
2026-01-31 12:55:55,595 INFO sqlalchemy.engine.Engine [cached since 329.1s ago] {'id_1': UUID('a455d356-d39f-415f-8a04-cf1e4c91fa3e'), 'user_id_1': UUID('0cea2fca-58d7-409a-9f3a-224345d3d573'), 'param_1': 1}
2026-01-31 12:55:55,812 INFO sqlalchemy.engine.Engine UPDATE conversations SET title=%(title)s WHERE conversations.id = %(conversations_id)s::UUID
2026-01-31 12:55:55,812 INFO sqlalchemy.engine.Engine [cached since 329.1s ago] {'title': 'hi! list my todos', 'conversations_id': UUID('a455d356-d39f-415f-8a04-cf1e4c91fa3e')}
2026-01-31 12:55:56,022 INFO sqlalchemy.engine.Engine INSERT INTO messages (id, conversation_id, role, content, created_at) VALUES (%(id)s::UUID, %(conversation_id)s::UUID, %(role)s, %(content)s, %(created_at)s)
2026-01-31 12:55:56,022 INFO sqlalchemy.engine.Engine [cached since 329.1s ago] {'id': UUID('a8007cb5-bf6b-4757-885f-ad7a25bc5098'), 'conversation_id': UUID('a455d356-d39f-415f-8a04-cf1e4c91fa3e'), 'role': 'USER', 'content': 'hi! list my todos', 'created_at': datetime.datetime(2026, 1, 31, 7, 55, 55, 808776)}
2026-01-31 12:55:56,232 INFO sqlalchemy.engine.Engine COMMIT
2026-01-31 12:55:56,646 INFO sqlalchemy.engine.Engine BEGIN (implicit)
2026-01-31 12:55:56,647 INFO sqlalchemy.engine.Engine SELECT users.id AS users_id, users.email AS users_email, users.hashed_password AS users_hashed_password, users.created_at AS users_created_at, users.updated_at AS users_updated_at, users.is_active AS users_is_active 
FROM users 
WHERE users.id = %(pk_1)s::UUID
2026-01-31 12:55:56,647 INFO sqlalchemy.engine.Engine [cached since 329.1s ago] {'pk_1': UUID('0cea2fca-58d7-409a-9f3a-224345d3d573')}
2026-01-31 12:55:57,055 INFO sqlalchemy.engine.Engine SELECT conversations.id AS conversations_id, conversations.user_id AS conversations_user_id, conversations.title AS conversations_title, conversations.created_at AS conversations_created_at, conversations.updated_at AS conversations_updated_at, conversations.is_deleted AS conversations_is_deleted, conversations.deleted_at AS conversations_deleted_at 
FROM conversations 
WHERE conversations.id = %(pk_1)s::UUID
2026-01-31 12:55:57,055 INFO sqlalchemy.engine.Engine [cached since 329s ago] {'pk_1': UUID('a455d356-d39f-415f-8a04-cf1e4c91fa3e')}
INFO:     127.0.0.1:53082 - "POST /chatkit/threads/a455d356-d39f-415f-8a04-cf1e4c91fa3e/messages HTTP/1.1" 200 OK
2026-01-31 12:56:00,425 INFO sqlalchemy.engine.Engine BEGIN (implicit)
2026-01-31 12:56:00,428 INFO sqlalchemy.engine.Engine SELECT count(*) AS count_1 
FROM (SELECT tasks.id AS tasks_id, tasks.user_id AS tasks_user_id, tasks.title AS tasks_title, tasks.description AS tasks_description, tasks.is_completed AS tasks_is_completed, tasks.created_at AS tasks_created_at, tasks.updated_at AS tasks_updated_at, tasks.completed_at AS tasks_completed_at 
FROM tasks 
WHERE tasks.user_id = %(user_id_1)s::UUID) AS anon_1
2026-01-31 12:56:00,428 INFO sqlalchemy.engine.Engine [cached since 325.1s ago] {'user_id_1': UUID('0cea2fca-58d7-409a-9f3a-224345d3d573')}
2026-01-31 12:56:00,906 INFO sqlalchemy.engine.Engine SELECT tasks.id AS tasks_id, tasks.user_id AS tasks_user_id, tasks.title AS tasks_title, tasks.description AS tasks_description, tasks.is_completed AS tasks_is_completed, tasks.created_at AS tasks_created_at, tasks.updated_at AS tasks_updated_at, tasks.completed_at AS tasks_completed_at 
FROM tasks 
WHERE tasks.user_id = %(user_id_1)s::UUID ORDER BY tasks.created_at DESC 
 LIMIT %(param_1)s OFFSET %(param_2)s
2026-01-31 12:56:00,906 INFO sqlalchemy.engine.Engine [cached since 325.2s ago] {'user_id_1': UUID('0cea2fca-58d7-409a-9f3a-224345d3d573'), 'param_1': 50, 'param_2': 0}
2026-01-31 12:56:01,117 INFO sqlalchemy.engine.Engine COMMIT
2026-01-31 12:56:02,151 INFO sqlalchemy.engine.Engine INSERT INTO messages (id, conversation_id, role, content, created_at) VALUES (%(id)s::UUID, %(conversation_id)s::UUID, %(role)s, %(content)s, %(created_at)s)
2026-01-31 12:56:02,153 INFO sqlalchemy.engine.Engine [cached since 335.2s ago] {'id': UUID('f4f59322-46d4-4268-a6be-4561e5a6d3e0'), 'conversation_id': UUID('a455d356-d39f-415f-8a04-cf1e4c91fa3e'), 'role': 'ASSISTANT', 'content': "You don't have any todos!\n", 'created_at': datetime.datetime(2026, 1, 31, 7, 56, 2, 150731)}
2026-01-31 12:56:02,360 INFO sqlalchemy.engine.Engine COMMIT
2026-01-31 12:56:02,857 INFO sqlalchemy.engine.Engine BEGIN (implicit)
2026-01-31 12:56:02,858 INFO sqlalchemy.engine.Engine SELECT users.id AS users_id, users.email AS users_email, users.hashed_password AS users_hashed_password, users.created_at AS users_created_at, users.updated_at AS users_updated_at, users.is_active AS users_is_active 
FROM users 
WHERE users.id = %(id_1)s::UUID AND users.is_active = true 
 LIMIT %(param_1)s
2026-01-31 12:56:02,861 INFO sqlalchemy.engine.Engine [cached since 338.7s ago] {'id_1': UUID('0cea2fca-58d7-409a-9f3a-224345d3d573'), 'param_1': 1}
2026-01-31 12:56:03,291 INFO sqlalchemy.engine.Engine SELECT conversations.id AS conversations_id, conversations.user_id AS conversations_user_id, conversations.title AS conversations_title, conversations.created_at AS conversations_created_at, conversations.updated_at AS conversations_updated_at, conversations.is_deleted AS conversations_is_deleted, conversations.deleted_at AS conversations_deleted_at 
FROM conversations 
WHERE conversations.id = %(id_1)s::UUID AND conversations.user_id = %(user_id_1)s::UUID AND conversations.is_deleted = false 
 LIMIT %(param_1)s
2026-01-31 12:56:03,292 INFO sqlalchemy.engine.Engine [cached since 336.8s ago] {'id_1': UUID('a455d356-d39f-415f-8a04-cf1e4c91fa3e'), 'user_id_1': UUID('0cea2fca-58d7-409a-9f3a-224345d3d573'), 'param_1': 1}
2026-01-31 12:56:03,519 INFO sqlalchemy.engine.Engine INSERT INTO messages (id, conversation_id, role, content, created_at) VALUES (%(id)s::UUID, %(conversation_id)s::UUID, %(role)s, %(content)s, %(created_at)s)
2026-01-31 12:56:03,520 INFO sqlalchemy.engine.Engine [cached since 336.6s ago] {'id': UUID('2b1609e2-eeb5-4378-98f6-0181183c3dd5'), 'conversation_id': UUID('a455d356-d39f-415f-8a04-cf1e4c91fa3e'), 'role': 'USER', 'content': 'Add a task to buy groceries', 'created_at': datetime.datetime(2026, 1, 31, 7, 56, 3, 511685)}
2026-01-31 12:56:03,741 INFO sqlalchemy.engine.Engine COMMIT
2026-01-31 12:56:04,206 INFO sqlalchemy.engine.Engine BEGIN (implicit)
2026-01-31 12:56:04,206 INFO sqlalchemy.engine.Engine SELECT users.id AS users_id, users.email AS users_email, users.hashed_password AS users_hashed_password, users.created_at AS users_created_at, users.updated_at AS users_updated_at, users.is_active AS users_is_active 
FROM users 
WHERE users.id = %(pk_1)s::UUID
2026-01-31 12:56:04,206 INFO sqlalchemy.engine.Engine [cached since 336.6s ago] {'pk_1': UUID('0cea2fca-58d7-409a-9f3a-224345d3d573')}
2026-01-31 12:56:04,635 INFO sqlalchemy.engine.Engine SELECT conversations.id AS conversations_id, conversations.user_id AS conversations_user_id, conversations.title AS conversations_title, conversations.created_at AS conversations_created_at, conversations.updated_at AS conversations_updated_at, conversations.is_deleted AS conversations_is_deleted, conversations.deleted_at AS conversations_deleted_at 
FROM conversations 
WHERE conversations.id = %(pk_1)s::UUID
2026-01-31 12:56:04,635 INFO sqlalchemy.engine.Engine [cached since 336.6s ago] {'pk_1': UUID('a455d356-d39f-415f-8a04-cf1e4c91fa3e')}
INFO:     127.0.0.1:53082 - "POST /chatkit/threads/a455d356-d39f-415f-8a04-cf1e4c91fa3e/messages HTTP/1.1" 200 OK
2026-01-31 12:56:07,398 INFO sqlalchemy.engine.Engine BEGIN (implicit)
2026-01-31 12:56:07,399 INFO sqlalchemy.engine.Engine INSERT INTO tasks (id, user_id, title, description, is_completed, created_at, updated_at, completed_at) VALUES (%(id)s::UUID, %(user_id)s::UUID, %(title)s, %(description)s, %(is_completed)s, %(created_at)s, %(updated_at)s, %(completed_at)s)
2026-01-31 12:56:07,399 INFO sqlalchemy.engine.Engine [cached since 229.7s ago] {'id': UUID('d8bd4426-2437-4af3-a416-29e81f9aaeb2'), 'user_id': UUID('0cea2fca-58d7-409a-9f3a-224345d3d573'), 'title': 'Buy groceries', 'description': None, 'is_completed': False, 'created_at': datetime.datetime(2026, 1, 31, 7, 56, 7, 172561), 'updated_at': datetime.datetime(2026, 1, 31, 7, 56, 7, 172858), 'completed_at': None}
2026-01-31 12:56:07,919 INFO sqlalchemy.engine.Engine COMMIT
2026-01-31 12:56:08,353 INFO sqlalchemy.engine.Engine BEGIN (implicit)
2026-01-31 12:56:08,354 INFO sqlalchemy.engine.Engine SELECT tasks.id, tasks.user_id, tasks.title, tasks.description, tasks.is_completed, tasks.created_at, tasks.updated_at, tasks.completed_at 
FROM tasks 
WHERE tasks.id = %(pk_1)s::UUID
2026-01-31 12:56:08,354 INFO sqlalchemy.engine.Engine [cached since 229.8s ago] {'pk_1': UUID('d8bd4426-2437-4af3-a416-29e81f9aaeb2')}
2026-01-31 12:56:08,783 INFO sqlalchemy.engine.Engine COMMIT
2026-01-31 12:56:10,242 INFO sqlalchemy.engine.Engine INSERT INTO messages (id, conversation_id, role, content, created_at) VALUES (%(id)s::UUID, %(conversation_id)s::UUID, %(role)s, %(content)s, %(created_at)s)
2026-01-31 12:56:10,242 INFO sqlalchemy.engine.Engine [cached since 343.3s ago] {'id': UUID('4ec39429-6f42-45bb-ab5c-e1884bdb095b'), 'conversation_id': UUID('a455d356-d39f-415f-8a04-cf1e4c91fa3e'), 'role': 'ASSISTANT', 'content': "OK. I've added 'Buy groceries' to your task list with task ID d8bd4426-2437-4af3-a416-29e81f9aaeb2.\n", 'created_at': datetime.datetime(2026, 1, 31, 7, 56, 10, 241999)}
2026-01-31 12:56:10,453 INFO sqlalchemy.engine.Engine COMMIT
2026-01-31 12:56:10,893 INFO sqlalchemy.engine.Engine BEGIN (implicit)
2026-01-31 12:56:10,896 INFO sqlalchemy.engine.Engine SELECT users.id AS users_id, users.email AS users_email, users.hashed_password AS users_hashed_password, users.created_at AS users_created_at, users.updated_at AS users_updated_at, users.is_active AS users_is_active 
FROM users 
WHERE users.id = %(id_1)s::UUID AND users.is_active = true 
 LIMIT %(param_1)s
2026-01-31 12:56:10,897 INFO sqlalchemy.engine.Engine [cached since 346.7s ago] {'id_1': UUID('0cea2fca-58d7-409a-9f3a-224345d3d573'), 'param_1': 1}
2026-01-31 12:56:11,361 INFO sqlalchemy.engine.Engine SELECT conversations.id AS conversations_id, conversations.user_id AS conversations_user_id, conversations.title AS conversations_title, conversations.created_at AS conversations_created_at, conversations.updated_at AS conversations_updated_at, conversations.is_deleted AS conversations_is_deleted, conversations.deleted_at AS conversations_deleted_at 
FROM conversations 
WHERE conversations.id = %(id_1)s::UUID AND conversations.user_id = %(user_id_1)s::UUID AND conversations.is_deleted = false 
 LIMIT %(param_1)s
2026-01-31 12:56:11,361 INFO sqlalchemy.engine.Engine [cached since 344.9s ago] {'id_1': UUID('a455d356-d39f-415f-8a04-cf1e4c91fa3e'), 'user_id_1': UUID('0cea2fca-58d7-409a-9f3a-224345d3d573'), 'param_1': 1}
2026-01-31 12:56:11,583 INFO sqlalchemy.engine.Engine INSERT INTO messages (id, conversation_id, role, content, created_at) VALUES (%(id)s::UUID, %(conversation_id)s::UUID, %(role)s, %(content)s, %(created_at)s)
2026-01-31 12:56:11,584 INFO sqlalchemy.engine.Engine [cached since 344.7s ago] {'id': UUID('f14e09b6-ec2c-42de-8dd9-916aaed34d20'), 'conversation_id': UUID('a455d356-d39f-415f-8a04-cf1e4c91fa3e'), 'role': 'USER', 'content': 'Show me my tasks', 'created_at': datetime.datetime(2026, 1, 31, 7, 56, 11, 580706)}
2026-01-31 12:56:11,799 INFO sqlalchemy.engine.Engine COMMIT
2026-01-31 12:56:12,277 INFO sqlalchemy.engine.Engine BEGIN (implicit)
2026-01-31 12:56:12,278 INFO sqlalchemy.engine.Engine SELECT users.id AS users_id, users.email AS users_email, users.hashed_password AS users_hashed_password, users.created_at AS users_created_at, users.updated_at AS users_updated_at, users.is_active AS users_is_active 
FROM users 
WHERE users.id = %(pk_1)s::UUID
2026-01-31 12:56:12,279 INFO sqlalchemy.engine.Engine [cached since 344.7s ago] {'pk_1': UUID('0cea2fca-58d7-409a-9f3a-224345d3d573')}
2026-01-31 12:56:12,696 INFO sqlalchemy.engine.Engine SELECT conversations.id AS conversations_id, conversations.user_id AS conversations_user_id, conversations.title AS conversations_title, conversations.created_at AS conversations_created_at, conversations.updated_at AS conversations_updated_at, conversations.is_deleted AS conversations_is_deleted, conversations.deleted_at AS conversations_deleted_at 
FROM conversations 
WHERE conversations.id = %(pk_1)s::UUID
2026-01-31 12:56:12,697 INFO sqlalchemy.engine.Engine [cached since 344.7s ago] {'pk_1': UUID('a455d356-d39f-415f-8a04-cf1e4c91fa3e')}
INFO:     127.0.0.1:53082 - "POST /chatkit/threads/a455d356-d39f-415f-8a04-cf1e4c91fa3e/messages HTTP/1.1" 200 OK
2026-01-31 12:56:14,806 INFO sqlalchemy.engine.Engine BEGIN (implicit)
2026-01-31 12:56:14,806 INFO sqlalchemy.engine.Engine SELECT count(*) AS count_1 
FROM (SELECT tasks.id AS tasks_id, tasks.user_id AS tasks_user_id, tasks.title AS tasks_title, tasks.description AS tasks_description, tasks.is_completed AS tasks_is_completed, tasks.created_at AS tasks_created_at, tasks.updated_at AS tasks_updated_at, tasks.completed_at AS tasks_completed_at 
FROM tasks 
WHERE tasks.user_id = %(user_id_1)s::UUID) AS anon_1
2026-01-31 12:56:14,807 INFO sqlalchemy.engine.Engine [cached since 339.5s ago] {'user_id_1': UUID('0cea2fca-58d7-409a-9f3a-224345d3d573')}
2026-01-31 12:56:15,226 INFO sqlalchemy.engine.Engine SELECT tasks.id AS tasks_id, tasks.user_id AS tasks_user_id, tasks.title AS tasks_title, tasks.description AS tasks_description, tasks.is_completed AS tasks_is_completed, tasks.created_at AS tasks_created_at, tasks.updated_at AS tasks_updated_at, tasks.completed_at AS tasks_completed_at 
FROM tasks 
WHERE tasks.user_id = %(user_id_1)s::UUID ORDER BY tasks.created_at DESC 
 LIMIT %(param_1)s OFFSET %(param_2)s
2026-01-31 12:56:15,226 INFO sqlalchemy.engine.Engine [cached since 339.5s ago] {'user_id_1': UUID('0cea2fca-58d7-409a-9f3a-224345d3d573'), 'param_1': 50, 'param_2': 0}
2026-01-31 12:56:15,451 INFO sqlalchemy.engine.Engine COMMIT
2026-01-31 12:56:16,581 INFO sqlalchemy.engine.Engine INSERT INTO messages (id, conversation_id, role, content, created_at) VALUES (%(id)s::UUID, %(conversation_id)s::UUID, %(role)s, %(content)s, %(created_at)s)
2026-01-31 12:56:16,581 INFO sqlalchemy.engine.Engine [cached since 349.7s ago] {'id': UUID('59a76ab5-6f76-4933-bd6b-d6de210c5635'), 'conversation_id': UUID('a455d356-d39f-415f-8a04-cf1e4c91fa3e'), 'role': 'ASSISTANT', 'content': 'OK. I found one task: Buy groceries with task ID d8bd4426-2437-4af3-a416-29e81f9aaeb2. Is there anything else?\n', 'created_at': datetime.datetime(2026, 1, 31, 7, 56, 16, 580856)}
2026-01-31 12:56:16,794 INFO sqlalchemy.engine.Engine COMMIT
2026-01-31 12:56:17,210 INFO sqlalchemy.engine.Engine BEGIN (implicit)
2026-01-31 12:56:17,211 INFO sqlalchemy.engine.Engine SELECT users.id AS users_id, users.email AS users_email, users.hashed_password AS users_hashed_password, users.created_at AS users_created_at, users.updated_at AS users_updated_at, users.is_active AS users_is_active 
FROM users 
WHERE users.id = %(id_1)s::UUID AND users.is_active = true 
 LIMIT %(param_1)s
2026-01-31 12:56:17,212 INFO sqlalchemy.engine.Engine [cached since 353s ago] {'id_1': UUID('0cea2fca-58d7-409a-9f3a-224345d3d573'), 'param_1': 1}
2026-01-31 12:56:17,633 INFO sqlalchemy.engine.Engine SELECT conversations.id AS conversations_id, conversations.user_id AS conversations_user_id, conversations.title AS conversations_title, conversations.created_at AS conversations_created_at, conversations.updated_at AS conversations_updated_at, conversations.is_deleted AS conversations_is_deleted, conversations.deleted_at AS conversations_deleted_at 
FROM conversations 
WHERE conversations.id = %(id_1)s::UUID AND conversations.user_id = %(user_id_1)s::UUID AND conversations.is_deleted = false 
 LIMIT %(param_1)s
2026-01-31 12:56:17,633 INFO sqlalchemy.engine.Engine [cached since 351.2s ago] {'id_1': UUID('a455d356-d39f-415f-8a04-cf1e4c91fa3e'), 'user_id_1': UUID('0cea2fca-58d7-409a-9f3a-224345d3d573'), 'param_1': 1}
2026-01-31 12:56:17,847 INFO sqlalchemy.engine.Engine SELECT messages.id AS messages_id, messages.conversation_id AS messages_conversation_id, messages.role AS messages_role, messages.content AS messages_content, messages.created_at AS messages_created_at 
FROM messages 
WHERE messages.conversation_id = %(conversation_id_1)s::UUID ORDER BY messages.created_at ASC 
 LIMIT %(param_1)s
2026-01-31 12:56:17,847 INFO sqlalchemy.engine.Engine [cached since 339.5s ago] {'conversation_id_1': UUID('a455d356-d39f-415f-8a04-cf1e4c91fa3e'), 'param_1': 50}
INFO:     127.0.0.1:53082 - "GET /chatkit/threads/a455d356-d39f-415f-8a04-cf1e4c91fa3e HTTP/1.1" 200 OK
2026-01-31 12:56:18,064 INFO sqlalchemy.engine.Engine COMMIT
2026-01-31 12:58:18,839 INFO sqlalchemy.engine.Engine BEGIN (implicit)
2026-01-31 12:58:18,840 INFO sqlalchemy.engine.Engine SELECT 1
2026-01-31 12:58:18,841 INFO sqlalchemy.engine.Engine [cached since 800.5s ago] {}
2026-01-31 12:58:19,255 INFO sqlalchemy.engine.Engine COMMIT
INFO:     127.0.0.1:40730 - "GET /health HTTP/1.1" 200 OK
2026-01-31 12:59:44,193 INFO sqlalchemy.engine.Engine BEGIN (implicit)
2026-01-31 12:59:44,196 INFO sqlalchemy.engine.Engine SELECT users.id AS users_id, users.email AS users_email, users.hashed_password AS users_hashed_password, users.created_at AS users_created_at, users.updated_at AS users_updated_at, users.is_active AS users_is_active 
FROM users 
WHERE users.email = %(email_1)s 
 LIMIT %(param_1)s
2026-01-31 12:59:44,197 INFO sqlalchemy.engine.Engine [cached since 640s ago] {'email_1': 'final_test_aaf4ff74@example.com', 'param_1': 1}
2026-01-31 12:59:45,080 INFO sqlalchemy.engine.Engine INSERT INTO users (id, email, hashed_password, created_at, updated_at, is_active) VALUES (%(id)s::UUID, %(email)s, %(hashed_password)s, %(created_at)s, %(updated_at)s, %(is_active)s)
2026-01-31 12:59:45,082 INFO sqlalchemy.engine.Engine [cached since 563.6s ago] {'id': UUID('80e739d0-31b7-4876-99c2-17c99f7acb90'), 'email': 'final_test_aaf4ff74@example.com', 'hashed_password': '$2b$12$j.Mke5.5NxEBeFI98jfkpuQq4QIcvJI7RneI1GoQAGlB.KPkawknS', 'created_at': datetime.datetime(2026, 1, 31, 7, 59, 45, 79181), 'updated_at': datetime.datetime(2026, 1, 31, 7, 59, 45, 79722), 'is_active': True}
2026-01-31 12:59:45,304 INFO sqlalchemy.engine.Engine COMMIT
2026-01-31 12:59:45,796 INFO sqlalchemy.engine.Engine BEGIN (implicit)
2026-01-31 12:59:45,796 INFO sqlalchemy.engine.Engine SELECT users.id, users.email, users.hashed_password, users.created_at, users.updated_at, users.is_active 
FROM users 
WHERE users.id = %(pk_1)s::UUID
2026-01-31 12:59:45,796 INFO sqlalchemy.engine.Engine [cached since 563.6s ago] {'pk_1': UUID('80e739d0-31b7-4876-99c2-17c99f7acb90')}
INFO:     127.0.0.1:52550 - "POST /auth/register HTTP/1.1" 201 Created
2026-01-31 12:59:46,257 INFO sqlalchemy.engine.Engine COMMIT
2026-01-31 12:59:46,471 INFO sqlalchemy.engine.Engine BEGIN (implicit)
2026-01-31 12:59:46,471 INFO sqlalchemy.engine.Engine SELECT users.id AS users_id, users.email AS users_email, users.hashed_password AS users_hashed_password, users.created_at AS users_created_at, users.updated_at AS users_updated_at, users.is_active AS users_is_active 
FROM users 
WHERE users.id = %(id_1)s::UUID AND users.is_active = true 
 LIMIT %(param_1)s
2026-01-31 12:59:46,472 INFO sqlalchemy.engine.Engine [cached since 562.3s ago] {'id_1': UUID('80e739d0-31b7-4876-99c2-17c99f7acb90'), 'param_1': 1}
2026-01-31 12:59:46,924 INFO sqlalchemy.engine.Engine INSERT INTO conversations (id, user_id, title, created_at, updated_at, is_deleted, deleted_at) VALUES (%(id)s::UUID, %(user_id)s::UUID, %(title)s, %(created_at)s, %(updated_at)s, %(is_deleted)s, %(deleted_at)s)
2026-01-31 12:59:46,927 INFO sqlalchemy.engine.Engine [cached since 562.3s ago] {'id': UUID('1d8a32f5-a508-4244-bd49-92fba2a2cc90'), 'user_id': UUID('80e739d0-31b7-4876-99c2-17c99f7acb90'), 'title': None, 'created_at': datetime.datetime(2026, 1, 31, 7, 59, 46, 922250), 'updated_at': datetime.datetime(2026, 1, 31, 7, 59, 46, 922677), 'is_deleted': False, 'deleted_at': None}
2026-01-31 12:59:47,152 INFO sqlalchemy.engine.Engine COMMIT
2026-01-31 12:59:47,662 INFO sqlalchemy.engine.Engine BEGIN (implicit)
2026-01-31 12:59:47,662 INFO sqlalchemy.engine.Engine SELECT conversations.id, conversations.user_id, conversations.title, conversations.created_at, conversations.updated_at, conversations.is_deleted, conversations.deleted_at 
FROM conversations 
WHERE conversations.id = %(pk_1)s::UUID
2026-01-31 12:59:47,662 INFO sqlalchemy.engine.Engine [cached since 562.3s ago] {'pk_1': UUID('1d8a32f5-a508-4244-bd49-92fba2a2cc90')}
INFO:     127.0.0.1:52550 - "POST /chatkit/threads HTTP/1.1" 201 Created
2026-01-31 12:59:48,126 INFO sqlalchemy.engine.Engine COMMIT
2026-01-31 12:59:48,401 INFO sqlalchemy.engine.Engine BEGIN (implicit)
2026-01-31 12:59:48,404 INFO sqlalchemy.engine.Engine SELECT users.id AS users_id, users.email AS users_email, users.hashed_password AS users_hashed_password, users.created_at AS users_created_at, users.updated_at AS users_updated_at, users.is_active AS users_is_active 
FROM users 
WHERE users.id = %(id_1)s::UUID AND users.is_active = true 
 LIMIT %(param_1)s
2026-01-31 12:59:48,405 INFO sqlalchemy.engine.Engine [cached since 564.2s ago] {'id_1': UUID('80e739d0-31b7-4876-99c2-17c99f7acb90'), 'param_1': 1}
2026-01-31 12:59:48,858 INFO sqlalchemy.engine.Engine SELECT conversations.id AS conversations_id, conversations.user_id AS conversations_user_id, conversations.title AS conversations_title, conversations.created_at AS conversations_created_at, conversations.updated_at AS conversations_updated_at, conversations.is_deleted AS conversations_is_deleted, conversations.deleted_at AS conversations_deleted_at 
FROM conversations 
WHERE conversations.id = %(id_1)s::UUID AND conversations.user_id = %(user_id_1)s::UUID AND conversations.is_deleted = false 
 LIMIT %(param_1)s
2026-01-31 12:59:48,871 INFO sqlalchemy.engine.Engine [cached since 562.4s ago] {'id_1': UUID('1d8a32f5-a508-4244-bd49-92fba2a2cc90'), 'user_id_1': UUID('80e739d0-31b7-4876-99c2-17c99f7acb90'), 'param_1': 1}
2026-01-31 12:59:49,098 INFO sqlalchemy.engine.Engine UPDATE conversations SET title=%(title)s WHERE conversations.id = %(conversations_id)s::UUID
2026-01-31 12:59:49,098 INFO sqlalchemy.engine.Engine [cached since 562.4s ago] {'title': 'hi! list my todos', 'conversations_id': UUID('1d8a32f5-a508-4244-bd49-92fba2a2cc90')}
2026-01-31 12:59:49,315 INFO sqlalchemy.engine.Engine INSERT INTO messages (id, conversation_id, role, content, created_at) VALUES (%(id)s::UUID, %(conversation_id)s::UUID, %(role)s, %(content)s, %(created_at)s)
2026-01-31 12:59:49,315 INFO sqlalchemy.engine.Engine [cached since 562.4s ago] {'id': UUID('eb8ed6ae-3d6d-468e-8f2d-afed83805a5d'), 'conversation_id': UUID('1d8a32f5-a508-4244-bd49-92fba2a2cc90'), 'role': 'USER', 'content': 'hi! list my todos', 'created_at': datetime.datetime(2026, 1, 31, 7, 59, 49, 92961)}
2026-01-31 12:59:49,529 INFO sqlalchemy.engine.Engine COMMIT
2026-01-31 12:59:49,994 INFO sqlalchemy.engine.Engine BEGIN (implicit)
2026-01-31 12:59:49,994 INFO sqlalchemy.engine.Engine SELECT users.id AS users_id, users.email AS users_email, users.hashed_password AS users_hashed_password, users.created_at AS users_created_at, users.updated_at AS users_updated_at, users.is_active AS users_is_active 
FROM users 
WHERE users.id = %(pk_1)s::UUID
2026-01-31 12:59:49,994 INFO sqlalchemy.engine.Engine [cached since 562.4s ago] {'pk_1': UUID('80e739d0-31b7-4876-99c2-17c99f7acb90')}
2026-01-31 12:59:50,414 INFO sqlalchemy.engine.Engine SELECT conversations.id AS conversations_id, conversations.user_id AS conversations_user_id, conversations.title AS conversations_title, conversations.created_at AS conversations_created_at, conversations.updated_at AS conversations_updated_at, conversations.is_deleted AS conversations_is_deleted, conversations.deleted_at AS conversations_deleted_at 
FROM conversations 
WHERE conversations.id = %(pk_1)s::UUID
2026-01-31 12:59:50,414 INFO sqlalchemy.engine.Engine [cached since 562.4s ago] {'pk_1': UUID('1d8a32f5-a508-4244-bd49-92fba2a2cc90')}
INFO:     127.0.0.1:52550 - "POST /chatkit/threads/1d8a32f5-a508-4244-bd49-92fba2a2cc90/messages HTTP/1.1" 200 OK
2026-01-31 12:59:53,692 INFO sqlalchemy.engine.Engine BEGIN (implicit)
2026-01-31 12:59:53,699 INFO sqlalchemy.engine.Engine SELECT count(*) AS count_1 
FROM (SELECT tasks.id AS tasks_id, tasks.user_id AS tasks_user_id, tasks.title AS tasks_title, tasks.description AS tasks_description, tasks.is_completed AS tasks_is_completed, tasks.created_at AS tasks_created_at, tasks.updated_at AS tasks_updated_at, tasks.completed_at AS tasks_completed_at 
FROM tasks 
WHERE tasks.user_id = %(user_id_1)s::UUID) AS anon_1
2026-01-31 12:59:53,701 INFO sqlalchemy.engine.Engine [cached since 558.4s ago] {'user_id_1': UUID('80e739d0-31b7-4876-99c2-17c99f7acb90')}
2026-01-31 12:59:54,121 INFO sqlalchemy.engine.Engine SELECT tasks.id AS tasks_id, tasks.user_id AS tasks_user_id, tasks.title AS tasks_title, tasks.description AS tasks_description, tasks.is_completed AS tasks_is_completed, tasks.created_at AS tasks_created_at, tasks.updated_at AS tasks_updated_at, tasks.completed_at AS tasks_completed_at 
FROM tasks 
WHERE tasks.user_id = %(user_id_1)s::UUID ORDER BY tasks.created_at DESC 
 LIMIT %(param_1)s OFFSET %(param_2)s
2026-01-31 12:59:54,122 INFO sqlalchemy.engine.Engine [cached since 558.4s ago] {'user_id_1': UUID('80e739d0-31b7-4876-99c2-17c99f7acb90'), 'param_1': 50, 'param_2': 0}
2026-01-31 12:59:54,334 INFO sqlalchemy.engine.Engine COMMIT
2026-01-31 12:59:55,350 INFO sqlalchemy.engine.Engine INSERT INTO messages (id, conversation_id, role, content, created_at) VALUES (%(id)s::UUID, %(conversation_id)s::UUID, %(role)s, %(content)s, %(created_at)s)
2026-01-31 12:59:55,352 INFO sqlalchemy.engine.Engine [cached since 568.4s ago] {'id': UUID('eafd8b65-bb07-4674-be16-6467788e4a1d'), 'conversation_id': UUID('1d8a32f5-a508-4244-bd49-92fba2a2cc90'), 'role': 'ASSISTANT', 'content': "You don't have any todos yet!\n", 'created_at': datetime.datetime(2026, 1, 31, 7, 59, 55, 327801)}
2026-01-31 12:59:55,567 INFO sqlalchemy.engine.Engine COMMIT
2026-01-31 12:59:56,026 INFO sqlalchemy.engine.Engine BEGIN (implicit)
2026-01-31 12:59:56,026 INFO sqlalchemy.engine.Engine SELECT users.id AS users_id, users.email AS users_email, users.hashed_password AS users_hashed_password, users.created_at AS users_created_at, users.updated_at AS users_updated_at, users.is_active AS users_is_active 
FROM users 
WHERE users.id = %(id_1)s::UUID AND users.is_active = true 
 LIMIT %(param_1)s
2026-01-31 12:59:56,026 INFO sqlalchemy.engine.Engine [cached since 571.8s ago] {'id_1': UUID('80e739d0-31b7-4876-99c2-17c99f7acb90'), 'param_1': 1}
2026-01-31 12:59:56,449 INFO sqlalchemy.engine.Engine SELECT conversations.id AS conversations_id, conversations.user_id AS conversations_user_id, conversations.title AS conversations_title, conversations.created_at AS conversations_created_at, conversations.updated_at AS conversations_updated_at, conversations.is_deleted AS conversations_is_deleted, conversations.deleted_at AS conversations_deleted_at 
FROM conversations 
WHERE conversations.id = %(id_1)s::UUID AND conversations.user_id = %(user_id_1)s::UUID AND conversations.is_deleted = false 
 LIMIT %(param_1)s
2026-01-31 12:59:56,449 INFO sqlalchemy.engine.Engine [cached since 570s ago] {'id_1': UUID('1d8a32f5-a508-4244-bd49-92fba2a2cc90'), 'user_id_1': UUID('80e739d0-31b7-4876-99c2-17c99f7acb90'), 'param_1': 1}
2026-01-31 12:59:56,664 INFO sqlalchemy.engine.Engine INSERT INTO messages (id, conversation_id, role, content, created_at) VALUES (%(id)s::UUID, %(conversation_id)s::UUID, %(role)s, %(content)s, %(created_at)s)
2026-01-31 12:59:56,665 INFO sqlalchemy.engine.Engine [cached since 569.7s ago] {'id': UUID('d25b9652-03c8-4a6f-9f5f-cda0be4b1ad9'), 'conversation_id': UUID('1d8a32f5-a508-4244-bd49-92fba2a2cc90'), 'role': 'USER', 'content': 'Add a task to buy groceries', 'created_at': datetime.datetime(2026, 1, 31, 7, 59, 56, 662779)}
2026-01-31 12:59:56,876 INFO sqlalchemy.engine.Engine COMMIT
2026-01-31 12:59:57,293 INFO sqlalchemy.engine.Engine BEGIN (implicit)
2026-01-31 12:59:57,295 INFO sqlalchemy.engine.Engine SELECT users.id AS users_id, users.email AS users_email, users.hashed_password AS users_hashed_password, users.created_at AS users_created_at, users.updated_at AS users_updated_at, users.is_active AS users_is_active 
FROM users 
WHERE users.id = %(pk_1)s::UUID
2026-01-31 12:59:57,296 INFO sqlalchemy.engine.Engine [cached since 569.7s ago] {'pk_1': UUID('80e739d0-31b7-4876-99c2-17c99f7acb90')}
2026-01-31 12:59:57,705 INFO sqlalchemy.engine.Engine SELECT conversations.id AS conversations_id, conversations.user_id AS conversations_user_id, conversations.title AS conversations_title, conversations.created_at AS conversations_created_at, conversations.updated_at AS conversations_updated_at, conversations.is_deleted AS conversations_is_deleted, conversations.deleted_at AS conversations_deleted_at 
FROM conversations 
WHERE conversations.id = %(pk_1)s::UUID
2026-01-31 12:59:57,706 INFO sqlalchemy.engine.Engine [cached since 569.7s ago] {'pk_1': UUID('1d8a32f5-a508-4244-bd49-92fba2a2cc90')}
INFO:     127.0.0.1:52550 - "POST /chatkit/threads/1d8a32f5-a508-4244-bd49-92fba2a2cc90/messages HTTP/1.1" 200 OK
2026-01-31 13:00:00,249 INFO sqlalchemy.engine.Engine BEGIN (implicit)
2026-01-31 13:00:00,249 INFO sqlalchemy.engine.Engine INSERT INTO tasks (id, user_id, title, description, is_completed, created_at, updated_at, completed_at) VALUES (%(id)s::UUID, %(user_id)s::UUID, %(title)s, %(description)s, %(is_completed)s, %(created_at)s, %(updated_at)s, %(completed_at)s)
2026-01-31 13:00:00,249 INFO sqlalchemy.engine.Engine [cached since 462.6s ago] {'id': UUID('38d4b0ac-f799-47f2-a671-2dbeedcb89f0'), 'user_id': UUID('80e739d0-31b7-4876-99c2-17c99f7acb90'), 'title': 'Buy groceries', 'description': None, 'is_completed': False, 'created_at': datetime.datetime(2026, 1, 31, 8, 0, 0, 33717), 'updated_at': datetime.datetime(2026, 1, 31, 8, 0, 0, 34990), 'completed_at': None}
2026-01-31 13:00:00,684 INFO sqlalchemy.engine.Engine COMMIT
2026-01-31 13:00:01,157 INFO sqlalchemy.engine.Engine BEGIN (implicit)
2026-01-31 13:00:01,158 INFO sqlalchemy.engine.Engine SELECT tasks.id, tasks.user_id, tasks.title, tasks.description, tasks.is_completed, tasks.created_at, tasks.updated_at, tasks.completed_at 
FROM tasks 
WHERE tasks.id = %(pk_1)s::UUID
2026-01-31 13:00:01,158 INFO sqlalchemy.engine.Engine [cached since 462.6s ago] {'pk_1': UUID('38d4b0ac-f799-47f2-a671-2dbeedcb89f0')}
2026-01-31 13:00:01,580 INFO sqlalchemy.engine.Engine COMMIT
2026-01-31 13:00:02,804 INFO sqlalchemy.engine.Engine INSERT INTO messages (id, conversation_id, role, content, created_at) VALUES (%(id)s::UUID, %(conversation_id)s::UUID, %(role)s, %(content)s, %(created_at)s)
2026-01-31 13:00:02,810 INFO sqlalchemy.engine.Engine [cached since 575.9s ago] {'id': UUID('f5efeb73-5e5a-4452-a2df-a51dbb7559cb'), 'conversation_id': UUID('1d8a32f5-a508-4244-bd49-92fba2a2cc90'), 'role': 'ASSISTANT', 'content': "OK. I've added 'Buy groceries' to your task list. The task ID is 38d4b0ac-f799-47f2-a671-2dbeedcb89f0.\n", 'created_at': datetime.datetime(2026, 1, 31, 8, 0, 2, 803445)}
2026-01-31 13:00:03,016 INFO sqlalchemy.engine.Engine COMMIT
2026-01-31 13:00:03,450 INFO sqlalchemy.engine.Engine BEGIN (implicit)
2026-01-31 13:00:03,451 INFO sqlalchemy.engine.Engine SELECT users.id AS users_id, users.email AS users_email, users.hashed_password AS users_hashed_password, users.created_at AS users_created_at, users.updated_at AS users_updated_at, users.is_active AS users_is_active 
FROM users 
WHERE users.id = %(id_1)s::UUID AND users.is_active = true 
 LIMIT %(param_1)s
2026-01-31 13:00:03,451 INFO sqlalchemy.engine.Engine [cached since 579.3s ago] {'id_1': UUID('80e739d0-31b7-4876-99c2-17c99f7acb90'), 'param_1': 1}
2026-01-31 13:00:03,912 INFO sqlalchemy.engine.Engine SELECT conversations.id AS conversations_id, conversations.user_id AS conversations_user_id, conversations.title AS conversations_title, conversations.created_at AS conversations_created_at, conversations.updated_at AS conversations_updated_at, conversations.is_deleted AS conversations_is_deleted, conversations.deleted_at AS conversations_deleted_at 
FROM conversations 
WHERE conversations.id = %(id_1)s::UUID AND conversations.user_id = %(user_id_1)s::UUID AND conversations.is_deleted = false 
 LIMIT %(param_1)s
2026-01-31 13:00:03,912 INFO sqlalchemy.engine.Engine [cached since 577.4s ago] {'id_1': UUID('1d8a32f5-a508-4244-bd49-92fba2a2cc90'), 'user_id_1': UUID('80e739d0-31b7-4876-99c2-17c99f7acb90'), 'param_1': 1}
2026-01-31 13:00:04,133 INFO sqlalchemy.engine.Engine INSERT INTO messages (id, conversation_id, role, content, created_at) VALUES (%(id)s::UUID, %(conversation_id)s::UUID, %(role)s, %(content)s, %(created_at)s)
2026-01-31 13:00:04,133 INFO sqlalchemy.engine.Engine [cached since 577.2s ago] {'id': UUID('c98a59d3-e4ce-4f54-a9af-158f36dc1c9b'), 'conversation_id': UUID('1d8a32f5-a508-4244-bd49-92fba2a2cc90'), 'role': 'USER', 'content': 'Show me my tasks', 'created_at': datetime.datetime(2026, 1, 31, 8, 0, 4, 129571)}
2026-01-31 13:00:04,345 INFO sqlalchemy.engine.Engine COMMIT
2026-01-31 13:00:04,759 INFO sqlalchemy.engine.Engine BEGIN (implicit)
2026-01-31 13:00:04,759 INFO sqlalchemy.engine.Engine SELECT users.id AS users_id, users.email AS users_email, users.hashed_password AS users_hashed_password, users.created_at AS users_created_at, users.updated_at AS users_updated_at, users.is_active AS users_is_active 
FROM users 
WHERE users.id = %(pk_1)s::UUID
2026-01-31 13:00:04,759 INFO sqlalchemy.engine.Engine [cached since 577.2s ago] {'pk_1': UUID('80e739d0-31b7-4876-99c2-17c99f7acb90')}
2026-01-31 13:00:05,171 INFO sqlalchemy.engine.Engine SELECT conversations.id AS conversations_id, conversations.user_id AS conversations_user_id, conversations.title AS conversations_title, conversations.created_at AS conversations_created_at, conversations.updated_at AS conversations_updated_at, conversations.is_deleted AS conversations_is_deleted, conversations.deleted_at AS conversations_deleted_at 
FROM conversations 
WHERE conversations.id = %(pk_1)s::UUID
2026-01-31 13:00:05,171 INFO sqlalchemy.engine.Engine [cached since 577.2s ago] {'pk_1': UUID('1d8a32f5-a508-4244-bd49-92fba2a2cc90')}
INFO:     127.0.0.1:52550 - "POST /chatkit/threads/1d8a32f5-a508-4244-bd49-92fba2a2cc90/messages HTTP/1.1" 200 OK
2026-01-31 13:00:07,667 INFO sqlalchemy.engine.Engine BEGIN (implicit)
2026-01-31 13:00:07,667 INFO sqlalchemy.engine.Engine SELECT count(*) AS count_1 
FROM (SELECT tasks.id AS tasks_id, tasks.user_id AS tasks_user_id, tasks.title AS tasks_title, tasks.description AS tasks_description, tasks.is_completed AS tasks_is_completed, tasks.created_at AS tasks_created_at, tasks.updated_at AS tasks_updated_at, tasks.completed_at AS tasks_completed_at 
FROM tasks 
WHERE tasks.user_id = %(user_id_1)s::UUID) AS anon_1
2026-01-31 13:00:07,667 INFO sqlalchemy.engine.Engine [cached since 572.4s ago] {'user_id_1': UUID('80e739d0-31b7-4876-99c2-17c99f7acb90')}
2026-01-31 13:00:08,088 INFO sqlalchemy.engine.Engine SELECT tasks.id AS tasks_id, tasks.user_id AS tasks_user_id, tasks.title AS tasks_title, tasks.description AS tasks_description, tasks.is_completed AS tasks_is_completed, tasks.created_at AS tasks_created_at, tasks.updated_at AS tasks_updated_at, tasks.completed_at AS tasks_completed_at 
FROM tasks 
WHERE tasks.user_id = %(user_id_1)s::UUID ORDER BY tasks.created_at DESC 
 LIMIT %(param_1)s OFFSET %(param_2)s
2026-01-31 13:00:08,089 INFO sqlalchemy.engine.Engine [cached since 572.4s ago] {'user_id_1': UUID('80e739d0-31b7-4876-99c2-17c99f7acb90'), 'param_1': 50, 'param_2': 0}
2026-01-31 13:00:08,313 INFO sqlalchemy.engine.Engine COMMIT
2026-01-31 13:00:09,306 INFO sqlalchemy.engine.Engine INSERT INTO messages (id, conversation_id, role, content, created_at) VALUES (%(id)s::UUID, %(conversation_id)s::UUID, %(role)s, %(content)s, %(created_at)s)
2026-01-31 13:00:09,306 INFO sqlalchemy.engine.Engine [cached since 582.4s ago] {'id': UUID('7b89ad93-87b9-43a2-b17c-7570adae4a01'), 'conversation_id': UUID('1d8a32f5-a508-4244-bd49-92fba2a2cc90'), 'role': 'ASSISTANT', 'content': 'OK. I found one task: Buy groceries with task id 38d4b0ac-f799-47f2-a671-2dbeedcb89f0.', 'created_at': datetime.datetime(2026, 1, 31, 8, 0, 9, 305638)}
2026-01-31 13:00:09,509 INFO sqlalchemy.engine.Engine COMMIT
2026-01-31 13:00:09,953 INFO sqlalchemy.engine.Engine BEGIN (implicit)
2026-01-31 13:00:09,957 INFO sqlalchemy.engine.Engine SELECT users.id AS users_id, users.email AS users_email, users.hashed_password AS users_hashed_password, users.created_at AS users_created_at, users.updated_at AS users_updated_at, users.is_active AS users_is_active 
FROM users 
WHERE users.id = %(id_1)s::UUID AND users.is_active = true 
 LIMIT %(param_1)s
2026-01-31 13:00:09,957 INFO sqlalchemy.engine.Engine [cached since 585.8s ago] {'id_1': UUID('80e739d0-31b7-4876-99c2-17c99f7acb90'), 'param_1': 1}
2026-01-31 13:00:10,382 INFO sqlalchemy.engine.Engine SELECT conversations.id AS conversations_id, conversations.user_id AS conversations_user_id, conversations.title AS conversations_title, conversations.created_at AS conversations_created_at, conversations.updated_at AS conversations_updated_at, conversations.is_deleted AS conversations_is_deleted, conversations.deleted_at AS conversations_deleted_at 
FROM conversations 
WHERE conversations.id = %(id_1)s::UUID AND conversations.user_id = %(user_id_1)s::UUID AND conversations.is_deleted = false 
 LIMIT %(param_1)s
2026-01-31 13:00:10,382 INFO sqlalchemy.engine.Engine [cached since 583.9s ago] {'id_1': UUID('1d8a32f5-a508-4244-bd49-92fba2a2cc90'), 'user_id_1': UUID('80e739d0-31b7-4876-99c2-17c99f7acb90'), 'param_1': 1}
2026-01-31 13:00:10,598 INFO sqlalchemy.engine.Engine SELECT messages.id AS messages_id, messages.conversation_id AS messages_conversation_id, messages.role AS messages_role, messages.content AS messages_content, messages.created_at AS messages_created_at 
FROM messages 
WHERE messages.conversation_id = %(conversation_id_1)s::UUID ORDER BY messages.created_at ASC 
 LIMIT %(param_1)s
2026-01-31 13:00:10,598 INFO sqlalchemy.engine.Engine [cached since 572.2s ago] {'conversation_id_1': UUID('1d8a32f5-a508-4244-bd49-92fba2a2cc90'), 'param_1': 50}
INFO:     127.0.0.1:52550 - "GET /chatkit/threads/1d8a32f5-a508-4244-bd49-92fba2a2cc90 HTTP/1.1" 200 OK
2026-01-31 13:00:10,876 INFO sqlalchemy.engine.Engine COMMIT
2026-01-31 13:00:31,351 INFO sqlalchemy.engine.Engine BEGIN (implicit)
2026-01-31 13:00:31,352 INFO sqlalchemy.engine.Engine SELECT 1
2026-01-31 13:00:31,353 INFO sqlalchemy.engine.Engine [cached since 933s ago] {}
2026-01-31 13:00:31,763 INFO sqlalchemy.engine.Engine COMMIT
INFO:     127.0.0.1:39164 - "GET /health HTTP/1.1" 200 OK
INFO:     Shutting down
INFO:     Waiting for application shutdown.
INFO:     Application shutdown complete.
INFO:     Finished server process [19325]
INFO:     Stopping reloader process [19322]
